[2022-10-25 09:46:58] - HikariPool-1 - Pool stats (total=10, active=0, idle=10, waiting=0)
[2022-10-25 09:46:58] - HikariPool-1 - Fill pool skipped, pool is at sufficient level.
[2022-10-25 09:47:28] - HikariPool-1 - Pool stats (total=10, active=0, idle=10, waiting=0)
[2022-10-25 09:47:28] - HikariPool-1 - Fill pool skipped, pool is at sufficient level.
[2022-10-25 09:47:38] - Initializing Spring DispatcherServlet 'dispatcherServlet'
[2022-10-25 09:47:38] - Initializing Servlet 'dispatcherServlet'
[2022-10-25 09:47:38] - Detected StandardServletMultipartResolver
[2022-10-25 09:47:38] - Detected AcceptHeaderLocaleResolver
[2022-10-25 09:47:38] - Detected FixedThemeResolver
[2022-10-25 09:47:38] - Detected org.springframework.web.servlet.view.DefaultRequestToViewNameTranslator@65c689e7
[2022-10-25 09:47:38] - Detected org.springframework.web.servlet.support.SessionFlashMapManager@776a7ec6
[2022-10-25 09:47:38] - enableLoggingRequestDetails='false': request parameters and headers will be masked to prevent unsafe logging of potentially sensitive data
[2022-10-25 09:47:38] - Completed initialization in 1 ms
[2022-10-25 09:47:38] - GET "/User/1", parameters={}
[2022-10-25 09:47:38] - Mapped to com.example.RestAPIProject.Controller.UserController#getUserByID(int)
[2022-10-25 09:47:38] - Opening JPA EntityManager in OpenEntityManagerInViewInterceptor
[2022-10-25 09:47:38] - USER 1 GET
[2022-10-25 09:47:38] - Found thread-bound EntityManager [SessionImpl(1788618238<open>)] for JPA transaction
[2022-10-25 09:47:38] - Creating new transaction with name [org.springframework.data.jpa.repository.support.SimpleJpaRepository.findById]: PROPAGATION_REQUIRED,ISOLATION_DEFAULT,readOnly
[2022-10-25 09:47:38] - Setting JDBC Connection [HikariProxyConnection@310838279 wrapping com.mysql.cj.jdbc.ConnectionImpl@38f617f4] read-only
[2022-10-25 09:47:38] - On TransactionImpl creation, JpaCompliance#isJpaTransactionComplianceEnabled == false
[2022-10-25 09:47:38] - begin
[2022-10-25 09:47:38] - Exposing JPA transaction as JDBC [org.springframework.orm.jpa.vendor.HibernateJpaDialect$HibernateConnectionHandle@1f6389d4]
[2022-10-25 09:47:38] - select user0_.id as id1_0_0_, user0_.email as email2_0_0_, user0_.first_name as first_na3_0_0_, user0_.last_name as last_nam4_0_0_, user0_.password as password5_0_0_ from tbl_users user0_ where user0_.id=?
[2022-10-25 09:47:38] - Done entity load : com.example.RestAPIProject.Model.User#1
[2022-10-25 09:47:38] - Initiating transaction commit
[2022-10-25 09:47:38] - Committing JPA transaction on EntityManager [SessionImpl(1788618238<open>)]
[2022-10-25 09:47:38] - committing
[2022-10-25 09:47:38] - Resetting read-only flag of JDBC Connection [HikariProxyConnection@310838279 wrapping com.mysql.cj.jdbc.ConnectionImpl@38f617f4]
[2022-10-25 09:47:38] - Not closing pre-bound JPA EntityManager after transaction
[2022-10-25 09:47:38] - Closing JPA EntityManager in OpenEntityManagerInViewInterceptor
[2022-10-25 09:47:38] - Failed to complete request: java.util.NoSuchElementException: No value present
[2022-10-25 09:47:38] - Servlet.service() for servlet [dispatcherServlet] in context with path [] threw exception [Request processing failed; nested exception is java.util.NoSuchElementException: No value present] with root cause
java.util.NoSuchElementException: No value present
	at java.base/java.util.Optional.get(Optional.java:143)
	at com.example.RestAPIProject.Service.UserServiceImplements.getUserByID(UserServiceImplements.java:38)
	at com.example.RestAPIProject.Controller.UserController.getUserByID(UserController.java:24)
	at java.base/jdk.internal.reflect.NativeMethodAccessorImpl.invoke0(Native Method)
	at java.base/jdk.internal.reflect.NativeMethodAccessorImpl.invoke(NativeMethodAccessorImpl.java:77)
	at java.base/jdk.internal.reflect.DelegatingMethodAccessorImpl.invoke(DelegatingMethodAccessorImpl.java:43)
	at java.base/java.lang.reflect.Method.invoke(Method.java:568)
	at org.springframework.web.method.support.InvocableHandlerMethod.doInvoke(InvocableHandlerMethod.java:205)
	at org.springframework.web.method.support.InvocableHandlerMethod.invokeForRequest(InvocableHandlerMethod.java:150)
	at org.springframework.web.servlet.mvc.method.annotation.ServletInvocableHandlerMethod.invokeAndHandle(ServletInvocableHandlerMethod.java:117)
	at org.springframework.web.servlet.mvc.method.annotation.RequestMappingHandlerAdapter.invokeHandlerMethod(RequestMappingHandlerAdapter.java:895)
	at org.springframework.web.servlet.mvc.method.annotation.RequestMappingHandlerAdapter.handleInternal(RequestMappingHandlerAdapter.java:808)
	at org.springframework.web.servlet.mvc.method.AbstractHandlerMethodAdapter.handle(AbstractHandlerMethodAdapter.java:87)
	at org.springframework.web.servlet.DispatcherServlet.doDispatch(DispatcherServlet.java:1071)
	at org.springframework.web.servlet.DispatcherServlet.doService(DispatcherServlet.java:964)
	at org.springframework.web.servlet.FrameworkServlet.processRequest(FrameworkServlet.java:1006)
	at org.springframework.web.servlet.FrameworkServlet.doGet(FrameworkServlet.java:898)
	at javax.servlet.http.HttpServlet.service(HttpServlet.java:670)
	at org.springframework.web.servlet.FrameworkServlet.service(FrameworkServlet.java:883)
	at javax.servlet.http.HttpServlet.service(HttpServlet.java:779)
	at org.apache.catalina.core.ApplicationFilterChain.internalDoFilter(ApplicationFilterChain.java:227)
	at org.apache.catalina.core.ApplicationFilterChain.doFilter(ApplicationFilterChain.java:162)
	at org.apache.tomcat.websocket.server.WsFilter.doFilter(WsFilter.java:53)
	at org.apache.catalina.core.ApplicationFilterChain.internalDoFilter(ApplicationFilterChain.java:189)
	at org.apache.catalina.core.ApplicationFilterChain.doFilter(ApplicationFilterChain.java:162)
	at org.springframework.web.filter.RequestContextFilter.doFilterInternal(RequestContextFilter.java:100)
	at org.springframework.web.filter.OncePerRequestFilter.doFilter(OncePerRequestFilter.java:117)
	at org.apache.catalina.core.ApplicationFilterChain.internalDoFilter(ApplicationFilterChain.java:189)
	at org.apache.catalina.core.ApplicationFilterChain.doFilter(ApplicationFilterChain.java:162)
	at org.springframework.web.filter.FormContentFilter.doFilterInternal(FormContentFilter.java:93)
	at org.springframework.web.filter.OncePerRequestFilter.doFilter(OncePerRequestFilter.java:117)
	at org.apache.catalina.core.ApplicationFilterChain.internalDoFilter(ApplicationFilterChain.java:189)
	at org.apache.catalina.core.ApplicationFilterChain.doFilter(ApplicationFilterChain.java:162)
	at org.springframework.web.filter.CharacterEncodingFilter.doFilterInternal(CharacterEncodingFilter.java:201)
	at org.springframework.web.filter.OncePerRequestFilter.doFilter(OncePerRequestFilter.java:117)
	at org.apache.catalina.core.ApplicationFilterChain.internalDoFilter(ApplicationFilterChain.java:189)
	at org.apache.catalina.core.ApplicationFilterChain.doFilter(ApplicationFilterChain.java:162)
	at org.apache.catalina.core.StandardWrapperValve.invoke(StandardWrapperValve.java:197)
	at org.apache.catalina.core.StandardContextValve.invoke(StandardContextValve.java:97)
	at org.apache.catalina.authenticator.AuthenticatorBase.invoke(AuthenticatorBase.java:541)
	at org.apache.catalina.core.StandardHostValve.invoke(StandardHostValve.java:135)
	at org.apache.catalina.valves.ErrorReportValve.invoke(ErrorReportValve.java:92)
	at org.apache.catalina.core.StandardEngineValve.invoke(StandardEngineValve.java:78)
	at org.apache.catalina.connector.CoyoteAdapter.service(CoyoteAdapter.java:360)
	at org.apache.coyote.http11.Http11Processor.service(Http11Processor.java:399)
	at org.apache.coyote.AbstractProcessorLight.process(AbstractProcessorLight.java:65)
	at org.apache.coyote.AbstractProtocol$ConnectionHandler.process(AbstractProtocol.java:893)
	at org.apache.tomcat.util.net.NioEndpoint$SocketProcessor.doRun(NioEndpoint.java:1789)
	at org.apache.tomcat.util.net.SocketProcessorBase.run(SocketProcessorBase.java:49)
	at org.apache.tomcat.util.threads.ThreadPoolExecutor.runWorker(ThreadPoolExecutor.java:1191)
	at org.apache.tomcat.util.threads.ThreadPoolExecutor$Worker.run(ThreadPoolExecutor.java:659)
	at org.apache.tomcat.util.threads.TaskThread$WrappingRunnable.run(TaskThread.java:61)
	at java.base/java.lang.Thread.run(Thread.java:833)
[2022-10-25 09:47:38] - "ERROR" dispatch for GET "/error", parameters={}
[2022-10-25 09:47:38] - Mapped to org.springframework.boot.autoconfigure.web.servlet.error.BasicErrorController#errorHtml(HttpServletRequest, HttpServletResponse)
[2022-10-25 09:47:38] - Opening JPA EntityManager in OpenEntityManagerInViewInterceptor
[2022-10-25 09:47:38] - Selected 'text/html' given [text/html, text/html;q=0.8]
[2022-10-25 09:47:38] - Closing JPA EntityManager in OpenEntityManagerInViewInterceptor
[2022-10-25 09:47:38] - Exiting from "ERROR" dispatch, status 500
[2022-10-25 09:47:58] - HikariPool-1 - Pool stats (total=10, active=0, idle=10, waiting=0)
[2022-10-25 09:47:58] - HikariPool-1 - Fill pool skipped, pool is at sufficient level.
[2022-10-25 09:48:17] - POST "/User", parameters={}
[2022-10-25 09:48:17] - Mapped to com.example.RestAPIProject.Controller.UserController#createUser(User)
[2022-10-25 09:48:17] - Opening JPA EntityManager in OpenEntityManagerInViewInterceptor
[2022-10-25 09:48:17] - Read "application/json;charset=UTF-8" to [com.example.RestAPIProject.Model.User@d6c721d]
[2022-10-25 09:48:17] - Found thread-bound EntityManager [SessionImpl(31261989<open>)] for JPA transaction
[2022-10-25 09:48:17] - Creating new transaction with name [org.springframework.data.jpa.repository.support.SimpleJpaRepository.save]: PROPAGATION_REQUIRED,ISOLATION_DEFAULT
[2022-10-25 09:48:17] - On TransactionImpl creation, JpaCompliance#isJpaTransactionComplianceEnabled == false
[2022-10-25 09:48:17] - begin
[2022-10-25 09:48:17] - Exposing JPA transaction as JDBC [org.springframework.orm.jpa.vendor.HibernateJpaDialect$HibernateConnectionHandle@17d2b8aa]
[2022-10-25 09:48:17] - Executing identity-insert immediately
[2022-10-25 09:48:17] - insert into tbl_users (email, first_name, last_name, password) values (?, ?, ?, ?)
[2022-10-25 09:48:17] - Natively generated identity: 5
[2022-10-25 09:48:17] - HHH000387: ResultSet's statement was not registered
