[2022-10-25 09:46:27] - Registering IdentifierGenerator strategy [identity] -> [org.hibernate.id.IdentityGenerator]
[2022-10-25 09:46:27] - Registering IdentifierGenerator strategy [select] -> [org.hibernate.id.SelectGenerator]
[2022-10-25 09:46:27] - Registering IdentifierGenerator strategy [sequence] -> [org.hibernate.id.enhanced.SequenceStyleGenerator]
[2022-10-25 09:46:27] - Registering IdentifierGenerator strategy [seqhilo] -> [org.hibernate.id.SequenceHiLoGenerator]
[2022-10-25 09:46:27] - Registering IdentifierGenerator strategy [increment] -> [org.hibernate.id.IncrementGenerator]
[2022-10-25 09:46:27] - Registering IdentifierGenerator strategy [foreign] -> [org.hibernate.id.ForeignGenerator]
[2022-10-25 09:46:27] - Registering IdentifierGenerator strategy [sequence-identity] -> [org.hibernate.id.SequenceIdentityGenerator]
[2022-10-25 09:46:27] - Registering IdentifierGenerator strategy [enhanced-sequence] -> [org.hibernate.id.enhanced.SequenceStyleGenerator]
[2022-10-25 09:46:27] - Registering IdentifierGenerator strategy [enhanced-table] -> [org.hibernate.id.enhanced.TableGenerator]
[2022-10-25 09:46:27] - HikariPool-1 - configuration:
[2022-10-25 09:46:27] - allowPoolSuspension................................false
[2022-10-25 09:46:27] - autoCommit................................true
[2022-10-25 09:46:27] - catalog................................none
[2022-10-25 09:46:27] - connectionInitSql................................none
[2022-10-25 09:46:27] - connectionTestQuery................................none
[2022-10-25 09:46:27] - connectionTimeout................................30000
[2022-10-25 09:46:27] - dataSource................................none
[2022-10-25 09:46:27] - dataSourceClassName................................none
[2022-10-25 09:46:27] - dataSourceJNDI................................none
[2022-10-25 09:46:27] - dataSourceProperties................................{password=<masked>}
[2022-10-25 09:46:27] - driverClassName................................"com.mysql.cj.jdbc.Driver"
[2022-10-25 09:46:27] - exceptionOverrideClassName................................none
[2022-10-25 09:46:27] - healthCheckProperties................................{}
[2022-10-25 09:46:27] - healthCheckRegistry................................none
[2022-10-25 09:46:27] - idleTimeout................................600000
[2022-10-25 09:46:27] - initializationFailTimeout................................1
[2022-10-25 09:46:27] - isolateInternalQueries................................false
[2022-10-25 09:46:27] - jdbcUrl................................jdbc:mysql://localhost/db_users
[2022-10-25 09:46:27] - keepaliveTime................................0
[2022-10-25 09:46:27] - leakDetectionThreshold................................0
[2022-10-25 09:46:27] - maxLifetime................................1800000
[2022-10-25 09:46:27] - maximumPoolSize................................10
[2022-10-25 09:46:27] - metricRegistry................................none
[2022-10-25 09:46:27] - metricsTrackerFactory................................none
[2022-10-25 09:46:27] - minimumIdle................................10
[2022-10-25 09:46:27] - password................................<masked>
[2022-10-25 09:46:27] - poolName................................"HikariPool-1"
[2022-10-25 09:46:27] - readOnly................................false
[2022-10-25 09:46:27] - registerMbeans................................false
[2022-10-25 09:46:27] - scheduledExecutor................................none
[2022-10-25 09:46:27] - schema................................none
[2022-10-25 09:46:27] - threadFactory................................internal
[2022-10-25 09:46:27] - transactionIsolation................................default
[2022-10-25 09:46:27] - username................................"mahdi"
[2022-10-25 09:46:27] - validationTimeout................................5000
[2022-10-25 09:46:27] - HikariPool-1 - Starting...
[2022-10-25 09:46:28] - HikariPool-1 - Added connection com.mysql.cj.jdbc.ConnectionImpl@38f617f4
[2022-10-25 09:46:28] - HikariPool-1 - Start completed.
[2022-10-25 09:46:28] - Database ->
       name : MySQL
    version : 8.0.31
      major : 8
      minor : 0
[2022-10-25 09:46:28] - Driver ->
       name : MySQL Connector/J
    version : mysql-connector-j-8.0.31 (Revision: 0c86fc148d567b62266c2302bdad0f1e7a7e4eba)
      major : 8
      minor : 0
[2022-10-25 09:46:28] - JDBC version : 4.2
[2022-10-25 09:46:28] - HHH000400: Using dialect: org.hibernate.dialect.MySQL8Dialect
[2022-10-25 09:46:28] - JDBC driver metadata reported database stores quoted identifiers in more than one case
[2022-10-25 09:46:28] - IdentifierCaseStrategy for both quoted and unquoted identifiers was set to the same strategy [MIXED]; that will likely lead to problems in schema update and validation if using quoted identifiers
[2022-10-25 09:46:28] - Scoping TypeConfiguration [org.hibernate.type.spi.TypeConfiguration@3ee6dc82] to MetadataBuildingContext [org.hibernate.boot.internal.MetadataBuildingContextRootImpl@2f86f9cf]
[2022-10-25 09:46:28] - Created database namespace [logicalName=Name{catalog=null, schema=null}, physicalName=Name{catalog=null, schema=null}]
[2022-10-25 09:46:28] - Binding entity from annotated class: com.example.RestAPIProject.Model.User
[2022-10-25 09:46:28] - Binding column: Ejb3DiscriminatorColumn{logicalColumnName'DTYPE', discriminatorTypeName='string'}
[2022-10-25 09:46:28] - Import with entity name User
[2022-10-25 09:46:28] - Bind entity com.example.RestAPIProject.Model.User on table tbl_users
[2022-10-25 09:46:28] - Binding column: Ejb3Column{table=org.hibernate.mapping.Table(tbl_users), mappingColumn=id, insertable=true, updatable=true, unique=false}
[2022-10-25 09:46:28] - Not known whether passed class name [com.example.RestAPIProject.Model.User] is safe
[2022-10-25 09:46:28] - No temp ClassLoader provided; using live ClassLoader for loading potentially unsafe class : com.example.RestAPIProject.Model.User
[2022-10-25 09:46:28] - MetadataSourceProcessor property id with lazy=false
[2022-10-25 09:46:28] - Attempting to locate auto-apply AttributeConverter for property [com.example.RestAPIProject.Model.User:id]
[2022-10-25 09:46:28] - building SimpleValue for id
[2022-10-25 09:46:28] - Building property id
[2022-10-25 09:46:28] - #makeIdGenerator(org.hibernate.mapping.SimpleValue([org.hibernate.mapping.Column(id)]), id, identity, , ...)
[2022-10-25 09:46:28] - Binding column: Ejb3Column{table=org.hibernate.mapping.Table(tbl_users), mappingColumn=email, insertable=true, updatable=true, unique=false}
[2022-10-25 09:46:28] - MetadataSourceProcessor property email with lazy=false
[2022-10-25 09:46:28] - Attempting to locate auto-apply AttributeConverter for property [com.example.RestAPIProject.Model.User:email]
[2022-10-25 09:46:28] - building SimpleValue for email
[2022-10-25 09:46:28] - Building property email
[2022-10-25 09:46:28] - Binding column: Ejb3Column{table=org.hibernate.mapping.Table(tbl_users), mappingColumn=first_name, insertable=true, updatable=true, unique=false}
[2022-10-25 09:46:28] - MetadataSourceProcessor property firstName with lazy=false
[2022-10-25 09:46:28] - Attempting to locate auto-apply AttributeConverter for property [com.example.RestAPIProject.Model.User:firstName]
[2022-10-25 09:46:28] - building SimpleValue for firstName
[2022-10-25 09:46:28] - Building property firstName
[2022-10-25 09:46:28] - Binding column: Ejb3Column{table=org.hibernate.mapping.Table(tbl_users), mappingColumn=last_name, insertable=true, updatable=true, unique=false}
[2022-10-25 09:46:28] - MetadataSourceProcessor property lastName with lazy=false
[2022-10-25 09:46:28] - Attempting to locate auto-apply AttributeConverter for property [com.example.RestAPIProject.Model.User:lastName]
[2022-10-25 09:46:28] - building SimpleValue for lastName
[2022-10-25 09:46:28] - Building property lastName
[2022-10-25 09:46:28] - Binding column: Ejb3Column{table=org.hibernate.mapping.Table(tbl_users), mappingColumn=password, insertable=true, updatable=true, unique=false}
[2022-10-25 09:46:28] - MetadataSourceProcessor property password with lazy=false
[2022-10-25 09:46:28] - Attempting to locate auto-apply AttributeConverter for property [com.example.RestAPIProject.Model.User:password]
[2022-10-25 09:46:28] - building SimpleValue for password
[2022-10-25 09:46:28] - Building property password
[2022-10-25 09:46:28] - Starting fillSimpleValue for id
[2022-10-25 09:46:28] - Starting fillSimpleValue for email
[2022-10-25 09:46:28] - Starting fillSimpleValue for firstName
[2022-10-25 09:46:28] - Starting fillSimpleValue for lastName
[2022-10-25 09:46:28] - Starting fillSimpleValue for password
[2022-10-25 09:46:28] - Forcing column [id] to be non-null as it is part of the primary key for table [tbl_users]
[2022-10-25 09:46:28] - Building session factory
[2022-10-25 09:46:28] - SessionFactory name : null
[2022-10-25 09:46:28] - Automatic flush during beforeCompletion(): enabled
[2022-10-25 09:46:28] - Automatic session close at end of transaction: disabled
[2022-10-25 09:46:28] - Statistics: disabled
[2022-10-25 09:46:28] - Deleted entity synthetic identifier rollback: disabled
[2022-10-25 09:46:28] - Default entity-mode: pojo
[2022-10-25 09:46:28] - Check Nullability in Core (should be disabled when Bean Validation is on): enabled
[2022-10-25 09:46:28] - Allow initialization of lazy state outside session : disabled
[2022-10-25 09:46:28] - Using BatchFetchStyle : LEGACY
[2022-10-25 09:46:28] - Default batch fetch size: -1
[2022-10-25 09:46:28] - Maximum outer join fetch depth: 2
[2022-10-25 09:46:28] - Default null ordering: NONE
[2022-10-25 09:46:28] - Order SQL updates by primary key: disabled
[2022-10-25 09:46:28] - Order SQL inserts for batching: disabled
[2022-10-25 09:46:28] - multi-tenancy strategy : NONE
[2022-10-25 09:46:28] - JTA Track by Thread: enabled
[2022-10-25 09:46:28] - Query language substitutions: {}
[2022-10-25 09:46:28] - Named query checking : enabled
[2022-10-25 09:46:28] - Second-level cache: disabled
[2022-10-25 09:46:28] - Second-level query cache: disabled
[2022-10-25 09:46:28] - Second-level query cache factory: null
[2022-10-25 09:46:28] - Second-level cache region prefix: null
[2022-10-25 09:46:28] - Optimize second-level cache for minimal puts: disabled
[2022-10-25 09:46:28] - Structured second-level cache entries: disabled
[2022-10-25 09:46:28] - Second-level cache direct-reference entries: disabled
[2022-10-25 09:46:28] - Automatic eviction of collection cache: disabled
[2022-10-25 09:46:28] - JDBC batch size: 15
[2022-10-25 09:46:28] - JDBC batch updates for versioned data: enabled
[2022-10-25 09:46:28] - Scrollable result sets: enabled
[2022-10-25 09:46:28] - Wrap result sets: disabled
[2022-10-25 09:46:28] - JDBC3 getGeneratedKeys(): enabled
[2022-10-25 09:46:28] - JDBC result set fetch size: null
[2022-10-25 09:46:28] - Connection release mode: ON_CLOSE
[2022-10-25 09:46:28] - Generate SQL with comments: disabled
[2022-10-25 09:46:28] - JPA compliance - query : disabled
[2022-10-25 09:46:28] - JPA compliance - closed-handling : disabled
[2022-10-25 09:46:28] - JPA compliance - lists : disabled
[2022-10-25 09:46:28] - JPA compliance - transactions : disabled
[2022-10-25 09:46:28] - EventListenerRegistry access via ServiceRegistry is deprecated.  Use `sessionFactory.getEventEngine().getListenerRegistry()` instead
[2022-10-25 09:46:28] - EventListenerRegistry access via ServiceRegistry is deprecated.  Use `sessionFactory.getEventEngine().getListenerRegistry()` instead
[2022-10-25 09:46:28] - Session factory constructed with filter configurations : {}
[2022-10-25 09:46:28] - Instantiating session factory with properties: {hibernate.id.new_generator_mappings=true, java.specification.version=17, hibernate.resource.beans.container=org.springframework.orm.hibernate5.SpringBeanContainer@2d5ae78e, hibernate.connection.handling_mode=DELAYED_ACQUISITION_AND_HOLD, sun.jnu.encoding=UTF-8, hibernate.implicit_naming_strategy=org.springframework.boot.orm.jpa.hibernate.SpringImplicitNamingStrategy, java.class.path=/Users/Mahdi/Downloads/RestAPIProject/target/classes:/Users/Mahdi/.m2/repository/org/springframework/boot/spring-boot-starter-data-jpa/2.7.5/spring-boot-starter-data-jpa-2.7.5.jar:/Users/Mahdi/.m2/repository/org/springframework/boot/spring-boot-starter-aop/2.7.5/spring-boot-starter-aop-2.7.5.jar:/Users/Mahdi/.m2/repository/org/springframework/spring-aop/5.3.23/spring-aop-5.3.23.jar:/Users/Mahdi/.m2/repository/org/aspectj/aspectjweaver/1.9.7/aspectjweaver-1.9.7.jar:/Users/Mahdi/.m2/repository/org/springframework/boot/spring-boot-starter-jdbc/2.7.5/spring-boot-starter-jdbc-2.7.5.jar:/Users/Mahdi/.m2/repository/com/zaxxer/HikariCP/4.0.3/HikariCP-4.0.3.jar:/Users/Mahdi/.m2/repository/org/springframework/spring-jdbc/5.3.23/spring-jdbc-5.3.23.jar:/Users/Mahdi/.m2/repository/jakarta/transaction/jakarta.transaction-api/1.3.3/jakarta.transaction-api-1.3.3.jar:/Users/Mahdi/.m2/repository/jakarta/persistence/jakarta.persistence-api/2.2.3/jakarta.persistence-api-2.2.3.jar:/Users/Mahdi/.m2/repository/org/hibernate/hibernate-core/5.6.12.Final/hibernate-core-5.6.12.Final.jar:/Users/Mahdi/.m2/repository/org/jboss/logging/jboss-logging/3.4.3.Final/jboss-logging-3.4.3.Final.jar:/Users/Mahdi/.m2/repository/net/bytebuddy/byte-buddy/1.12.18/byte-buddy-1.12.18.jar:/Users/Mahdi/.m2/repository/antlr/antlr/2.7.7/antlr-2.7.7.jar:/Users/Mahdi/.m2/repository/org/jboss/jandex/2.4.2.Final/jandex-2.4.2.Final.jar:/Users/Mahdi/.m2/repository/com/fasterxml/classmate/1.5.1/classmate-1.5.1.jar:/Users/Mahdi/.m2/repository/org/hibernate/common/hibernate-commons-annotations/5.1.2.Final/hibernate-commons-annotations-5.1.2.Final.jar:/Users/Mahdi/.m2/repository/org/glassfish/jaxb/jaxb-runtime/2.3.7/jaxb-runtime-2.3.7.jar:/Users/Mahdi/.m2/repository/org/glassfish/jaxb/txw2/2.3.7/txw2-2.3.7.jar:/Users/Mahdi/.m2/repository/com/sun/istack/istack-commons-runtime/3.0.12/istack-commons-runtime-3.0.12.jar:/Users/Mahdi/.m2/repository/com/sun/activation/jakarta.activation/1.2.2/jakarta.activation-1.2.2.jar:/Users/Mahdi/.m2/repository/org/springframework/data/spring-data-jpa/2.7.5/spring-data-jpa-2.7.5.jar:/Users/Mahdi/.m2/repository/org/springframework/data/spring-data-commons/2.7.5/spring-data-commons-2.7.5.jar:/Users/Mahdi/.m2/repository/org/springframework/spring-orm/5.3.23/spring-orm-5.3.23.jar:/Users/Mahdi/.m2/repository/org/springframework/spring-context/5.3.23/spring-context-5.3.23.jar:/Users/Mahdi/.m2/repository/org/springframework/spring-tx/5.3.23/spring-tx-5.3.23.jar:/Users/Mahdi/.m2/repository/org/springframework/spring-beans/5.3.23/spring-beans-5.3.23.jar:/Users/Mahdi/.m2/repository/org/slf4j/slf4j-api/1.7.36/slf4j-api-1.7.36.jar:/Users/Mahdi/.m2/repository/org/springframework/spring-aspects/5.3.23/spring-aspects-5.3.23.jar:/Users/Mahdi/.m2/repository/org/springframework/boot/spring-boot-starter-web/2.7.5/spring-boot-starter-web-2.7.5.jar:/Users/Mahdi/.m2/repository/org/springframework/boot/spring-boot-starter/2.7.5/spring-boot-starter-2.7.5.jar:/Users/Mahdi/.m2/repository/org/springframework/boot/spring-boot/2.7.5/spring-boot-2.7.5.jar:/Users/Mahdi/.m2/repository/org/springframework/boot/spring-boot-autoconfigure/2.7.5/spring-boot-autoconfigure-2.7.5.jar:/Users/Mahdi/.m2/repository/org/springframework/boot/spring-boot-starter-logging/2.7.5/spring-boot-starter-logging-2.7.5.jar:/Users/Mahdi/.m2/repository/ch/qos/logback/logback-classic/1.2.11/logback-classic-1.2.11.jar:/Users/Mahdi/.m2/repository/ch/qos/logback/logback-core/1.2.11/logback-core-1.2.11.jar:/Users/Mahdi/.m2/repository/org/apache/logging/log4j/log4j-to-slf4j/2.17.2/log4j-to-slf4j-2.17.2.jar:/Users/Mahdi/.m2/repository/org/apache/logging/log4j/log4j-api/2.17.2/log4j-api-2.17.2.jar:/Users/Mahdi/.m2/repository/org/slf4j/jul-to-slf4j/1.7.36/jul-to-slf4j-1.7.36.jar:/Users/Mahdi/.m2/repository/jakarta/annotation/jakarta.annotation-api/1.3.5/jakarta.annotation-api-1.3.5.jar:/Users/Mahdi/.m2/repository/org/yaml/snakeyaml/1.30/snakeyaml-1.30.jar:/Users/Mahdi/.m2/repository/org/springframework/boot/spring-boot-starter-json/2.7.5/spring-boot-starter-json-2.7.5.jar:/Users/Mahdi/.m2/repository/com/fasterxml/jackson/core/jackson-databind/2.13.4.2/jackson-databind-2.13.4.2.jar:/Users/Mahdi/.m2/repository/com/fasterxml/jackson/core/jackson-annotations/2.13.4/jackson-annotations-2.13.4.jar:/Users/Mahdi/.m2/repository/com/fasterxml/jackson/core/jackson-core/2.13.4/jackson-core-2.13.4.jar:/Users/Mahdi/.m2/repository/com/fasterxml/jackson/datatype/jackson-datatype-jdk8/2.13.4/jackson-datatype-jdk8-2.13.4.jar:/Users/Mahdi/.m2/repository/com/fasterxml/jackson/datatype/jackson-datatype-jsr310/2.13.4/jackson-datatype-jsr310-2.13.4.jar:/Users/Mahdi/.m2/repository/com/fasterxml/jackson/module/jackson-module-parameter-names/2.13.4/jackson-module-parameter-names-2.13.4.jar:/Users/Mahdi/.m2/repository/org/springframework/boot/spring-boot-starter-tomcat/2.7.5/spring-boot-starter-tomcat-2.7.5.jar:/Users/Mahdi/.m2/repository/org/apache/tomcat/embed/tomcat-embed-core/9.0.68/tomcat-embed-core-9.0.68.jar:/Users/Mahdi/.m2/repository/org/apache/tomcat/embed/tomcat-embed-el/9.0.68/tomcat-embed-el-9.0.68.jar:/Users/Mahdi/.m2/repository/org/apache/tomcat/embed/tomcat-embed-websocket/9.0.68/tomcat-embed-websocket-9.0.68.jar:/Users/Mahdi/.m2/repository/org/springframework/spring-web/5.3.23/spring-web-5.3.23.jar:/Users/Mahdi/.m2/repository/org/springframework/spring-webmvc/5.3.23/spring-webmvc-5.3.23.jar:/Users/Mahdi/.m2/repository/org/springframework/spring-expression/5.3.23/spring-expression-5.3.23.jar:/Users/Mahdi/.m2/repository/com/mysql/mysql-connector-j/8.0.31/mysql-connector-j-8.0.31.jar:/Users/Mahdi/.m2/repository/jakarta/xml/bind/jakarta.xml.bind-api/2.3.3/jakarta.xml.bind-api-2.3.3.jar:/Users/Mahdi/.m2/repository/jakarta/activation/jakarta.activation-api/1.2.2/jakarta.activation-api-1.2.2.jar:/Users/Mahdi/.m2/repository/org/springframework/spring-core/5.3.23/spring-core-5.3.23.jar:/Users/Mahdi/.m2/repository/org/springframework/spring-jcl/5.3.23/spring-jcl-5.3.23.jar, java.vm.vendor=Oracle Corporation, sun.arch.data.model=64, java.vendor.url=https://java.oracle.com/, catalina.useNaming=false, user.timezone=Asia/Tehran, jakarta.persistence.sharedCache.mode=UNSPECIFIED, java.vm.specification.version=17, os.name=Mac OS X, javax.persistence.validation.mode=AUTO, jakarta.persistence.nonJtaDataSource=HikariDataSource (HikariPool-1), sun.java.launcher=SUN_STANDARD, user.country=US, sun.boot.library.path=/Library/Java/JavaVirtualMachines/jdk-17.0.2.jdk/Contents/Home/lib, sun.java.command=com.example.RestAPIProject.RestApiProjectApplication, javax.persistence.nonJtaDataSource=HikariDataSource (HikariPool-1), hibernate.transaction.jta.platform=org.hibernate.engine.transaction.jta.platform.internal.NoJtaPlatform@21f91efa, http.nonProxyHosts=local|*.local|169.254/16|*.169.254/16, javax.persistence.sharedCache.mode=UNSPECIFIED, jdk.debug=release, sun.cpu.endian=little, user.home=/Users/Mahdi, user.language=en, java.specification.vendor=Oracle Corporation, java.version.date=2022-01-18, java.home=/Library/Java/JavaVirtualMachines/jdk-17.0.2.jdk/Contents/Home, file.separator=/, java.vm.compressedOopsMode=Zero based, line.separator=
, hibernate.persistenceUnitName=default, java.vm.specification.vendor=Oracle Corporation, java.specification.name=Java Platform API Specification, FILE_LOG_CHARSET=UTF-8, hibernate.transaction.coordinator_class=class org.hibernate.resource.transaction.backend.jdbc.internal.JdbcResourceLocalTransactionCoordinatorBuilderImpl, java.awt.headless=true, jakarta.persistence.validation.mode=AUTO, hibernate.hbm2ddl.auto=update, sun.management.compiler=HotSpot 64-Bit Tiered Compilers, ftp.nonProxyHosts=local|*.local|169.254/16|*.169.254/16, java.runtime.version=17.0.2+8-LTS-86, user.name=teacher, path.separator=:, os.version=12.6, java.runtime.name=Java(TM) SE Runtime Environment, file.encoding=UTF-8, hibernate.ejb.persistenceUnitName=default, spring.beaninfo.ignore=true, java.vm.name=Java HotSpot(TM) 64-Bit Server VM, java.vendor.url.bug=https://bugreport.java.com/bugreport/, java.io.tmpdir=/var/folders/4m/7kkzsyqx1k9cwt0r7l7pd5800000gp/T/, catalina.home=/private/var/folders/4m/7kkzsyqx1k9cwt0r7l7pd5800000gp/T/tomcat.8080.7556414006622955280, java.version=17.0.2, hibernate.physical_naming_strategy=org.hibernate.boot.model.naming.CamelCaseToUnderscoresNamingStrategy, user.dir=/Users/Mahdi/Downloads/RestAPIProject, os.arch=aarch64, java.vm.specification.name=Java Virtual Machine Specification, PID=32509, CONSOLE_LOG_CHARSET=UTF-8, catalina.base=/private/var/folders/4m/7kkzsyqx1k9cwt0r7l7pd5800000gp/T/tomcat.8080.7556414006622955280, hibernate.boot.CfgXmlAccessService.key=org.hibernate.boot.registry.StandardServiceRegistryBuilder$1@4df0d9f8, native.encoding=UTF-8, java.library.path=/Users/Mahdi/Library/Java/Extensions:/Library/Java/Extensions:/Network/Library/Java/Extensions:/System/Library/Java/Extensions:/usr/lib/java:., java.vendor=Oracle Corporation, java.vm.info=mixed mode, sharing, java.vm.version=17.0.2+8-LTS-86, hibernate.bytecode.use_reflection_optimizer=false, sun.io.unicode.encoding=UnicodeBig, hibernate.archive.scanner=org.hibernate.boot.archive.scan.internal.DisabledScanner, hibernate.connection.datasource=HikariDataSource (HikariPool-1), socksNonProxyHosts=local|*.local|169.254/16|*.169.254/16, java.class.version=61.0}
[2022-10-25 09:46:28] - Skipping JACC integration as it was not enabled
[2022-10-25 09:46:28] - Instantiated session factory
[2022-10-25 09:46:28] - Scoping TypeConfiguration [org.hibernate.type.spi.TypeConfiguration@3ee6dc82] to SessionFactoryImpl [org.hibernate.internal.SessionFactoryImpl@95cecc5]
[2022-10-25 09:46:28] - HikariPool-1 - Pool stats (total=1, active=0, idle=1, waiting=0)
[2022-10-25 09:46:28] - Not known whether passed class name [com.example.RestAPIProject.Model.User] is safe
[2022-10-25 09:46:28] - No temp ClassLoader provided; using live ClassLoader for loading potentially unsafe class : com.example.RestAPIProject.Model.User
[2022-10-25 09:46:28] - HikariPool-1 - Added connection com.mysql.cj.jdbc.ConnectionImpl@44aae006
[2022-10-25 09:46:28] - HikariPool-1 - Added connection com.mysql.cj.jdbc.ConnectionImpl@75a4614d
[2022-10-25 09:46:28] - HikariPool-1 - Added connection com.mysql.cj.jdbc.ConnectionImpl@24851f49
[2022-10-25 09:46:28] - Static SQL for entity: com.example.RestAPIProject.Model.User
[2022-10-25 09:46:28] -  Version select: select id from tbl_users where id =?
[2022-10-25 09:46:28] -  Snapshot select: select user_.id, user_.email as email2_0_, user_.first_name as first_na3_0_, user_.last_name as last_nam4_0_, user_.password as password5_0_ from tbl_users user_ where user_.id=?
[2022-10-25 09:46:28] -  Insert 0: insert into tbl_users (email, first_name, last_name, password, id) values (?, ?, ?, ?, ?)
[2022-10-25 09:46:28] -  Update 0: update tbl_users set email=?, first_name=?, last_name=?, password=? where id=?
[2022-10-25 09:46:28] -  Delete 0: delete from tbl_users where id=?
[2022-10-25 09:46:28] -  Identity insert: insert into tbl_users (email, first_name, last_name, password) values (?, ?, ?, ?)
[2022-10-25 09:46:28] - HikariPool-1 - Added connection com.mysql.cj.jdbc.ConnectionImpl@20cbc76d
[2022-10-25 09:46:28] - Adding QuerySpace : uid = <gen:0> -> org.hibernate.loader.plan.build.internal.spaces.EntityQuerySpaceImpl@3be46d9c]
[2022-10-25 09:46:28] - Visiting attribute path : email
[2022-10-25 09:46:28] - Visiting attribute path : firstName
[2022-10-25 09:46:28] - Visiting attribute path : lastName
[2022-10-25 09:46:28] - Visiting attribute path : password
[2022-10-25 09:46:28] - Building LoadPlan...
[2022-10-25 09:46:28] - processing queryspace <gen:0>
[2022-10-25 09:46:28] - LoadPlan(entity=com.example.RestAPIProject.Model.User)
    - Returns
       - EntityReturnImpl(entity=com.example.RestAPIProject.Model.User, querySpaceUid=<gen:0>, path=com.example.RestAPIProject.Model.User)
    - QuerySpaces
       - EntityQuerySpaceImpl(uid=<gen:0>, entity=com.example.RestAPIProject.Model.User)
          - SQL table alias mapping - user0_
          - alias suffix - 0_
          - suffixed key columns - {id1_0_0_}

[2022-10-25 09:46:28] - Static select for entity com.example.RestAPIProject.Model.User [NONE]: select user0_.id as id1_0_0_, user0_.email as email2_0_0_, user0_.first_name as first_na3_0_0_, user0_.last_name as last_nam4_0_0_, user0_.password as password5_0_0_ from tbl_users user0_ where user0_.id=?
[2022-10-25 09:46:28] - HikariPool-1 - Added connection com.mysql.cj.jdbc.ConnectionImpl@33b48f5e
[2022-10-25 09:46:28] - HikariPool-1 - Added connection com.mysql.cj.jdbc.ConnectionImpl@26be6842
[2022-10-25 09:46:28] - No alter strings for table : tbl_users
[2022-10-25 09:46:28] - HHH000490: Using JtaPlatform implementation: [org.hibernate.engine.transaction.jta.platform.internal.NoJtaPlatform]
[2022-10-25 09:46:28] - Checking 0 named HQL queries
[2022-10-25 09:46:28] - Checking 0 named SQL queries
[2022-10-25 09:46:28] - EventListenerRegistry access via ServiceRegistry is deprecated.  Use `sessionFactory.getEventEngine().getListenerRegistry()` instead
[2022-10-25 09:46:28] - Initializing SessionFactoryRegistry : org.hibernate.internal.SessionFactoryRegistry@4888d1ea
[2022-10-25 09:46:28] - Registering SessionFactory: fd291ed9-3a49-4724-9b47-b41f8315d2db (<unnamed>)
[2022-10-25 09:46:28] - Not binding SessionFactory to JNDI, no JNDI name configured
[2022-10-25 09:46:28] - Initialized JPA EntityManagerFactory for persistence unit 'default'
[2022-10-25 09:46:28] - Creating shared instance of singleton bean 'restApiProjectApplication'
[2022-10-25 09:46:28] - Creating shared instance of singleton bean 'userController'
[2022-10-25 09:46:28] - HikariPool-1 - Added connection com.mysql.cj.jdbc.ConnectionImpl@217fbbd0
[2022-10-25 09:46:28] - Creating shared instance of singleton bean 'userServiceImplements'
[2022-10-25 09:46:28] - Creating shared instance of singleton bean 'userRepository'
[2022-10-25 09:46:28] - HikariPool-1 - Added connection com.mysql.cj.jdbc.ConnectionImpl@7bcfea00
[2022-10-25 09:46:28] - Creating shared instance of singleton bean 'jpaMappingContext'
[2022-10-25 09:46:28] - Initializing JpaMetamodelMappingContext…
[2022-10-25 09:46:28] - Finished initializing JpaMetamodelMappingContext!
[2022-10-25 09:46:28] - HikariPool-1 - Added connection com.mysql.cj.jdbc.ConnectionImpl@622a8419
[2022-10-25 09:46:28] - HikariPool-1 - After adding stats (total=10, active=0, idle=10, waiting=0)
[2022-10-25 09:46:28] - Creating new EntityManager for shared EntityManager invocation
[2022-10-25 09:46:28] - Statistics initialized [enabled=false]
[2022-10-25 09:46:28] - Creating new EntityManager for shared EntityManager invocation
[2022-10-25 09:46:28] - Initializing repository instance for com.example.RestAPIProject.Model.UserRepository…
[2022-10-25 09:46:28] - Creating new EntityManager for shared EntityManager invocation
[2022-10-25 09:46:28] - Finished creation of repository instance for com.example.RestAPIProject.Model.UserRepository.
[2022-10-25 09:46:28] - Autowiring by type from bean name 'userServiceImplements' via constructor to bean named 'userRepository'
[2022-10-25 09:46:28] - Autowiring by type from bean name 'userController' via constructor to bean named 'userServiceImplements'
[2022-10-25 09:46:28] - Creating shared instance of singleton bean 'org.springframework.boot.autoconfigure.context.PropertyPlaceholderAutoConfiguration'
[2022-10-25 09:46:28] - Creating shared instance of singleton bean 'org.springframework.boot.autoconfigure.websocket.servlet.WebSocketServletAutoConfiguration'
[2022-10-25 09:46:28] - Creating shared instance of singleton bean 'org.springframework.boot.context.properties.EnableConfigurationPropertiesRegistrar.methodValidationExcludeFilter'
[2022-10-25 09:46:28] - Creating shared instance of singleton bean 'org.springframework.boot.autoconfigure.web.servlet.DispatcherServletAutoConfiguration'
[2022-10-25 09:46:28] - Creating shared instance of singleton bean 'org.springframework.boot.autoconfigure.task.TaskExecutionAutoConfiguration'
[2022-10-25 09:46:28] - Creating shared instance of singleton bean 'taskExecutorBuilder'
[2022-10-25 09:46:28] - Creating shared instance of singleton bean 'spring.task.execution-org.springframework.boot.autoconfigure.task.TaskExecutionProperties'
[2022-10-25 09:46:28] - Autowiring by type from bean name 'taskExecutorBuilder' via factory method to bean named 'spring.task.execution-org.springframework.boot.autoconfigure.task.TaskExecutionProperties'
[2022-10-25 09:46:28] - Creating shared instance of singleton bean 'org.springframework.boot.autoconfigure.web.servlet.error.ErrorMvcAutoConfiguration$WhitelabelErrorViewConfiguration'
[2022-10-25 09:46:28] - Creating shared instance of singleton bean 'error'
[2022-10-25 09:46:28] - Creating shared instance of singleton bean 'beanNameViewResolver'
[2022-10-25 09:46:28] - Creating shared instance of singleton bean 'org.springframework.boot.autoconfigure.web.servlet.error.ErrorMvcAutoConfiguration$DefaultErrorViewResolverConfiguration'
[2022-10-25 09:46:28] - Creating shared instance of singleton bean 'spring.web-org.springframework.boot.autoconfigure.web.WebProperties'
[2022-10-25 09:46:28] - Autowiring by type from bean name 'org.springframework.boot.autoconfigure.web.servlet.error.ErrorMvcAutoConfiguration$DefaultErrorViewResolverConfiguration' via constructor to bean named 'org.springframework.boot.web.servlet.context.AnnotationConfigServletWebServerApplicationContext@31add175'
[2022-10-25 09:46:28] - Autowiring by type from bean name 'org.springframework.boot.autoconfigure.web.servlet.error.ErrorMvcAutoConfiguration$DefaultErrorViewResolverConfiguration' via constructor to bean named 'spring.web-org.springframework.boot.autoconfigure.web.WebProperties'
[2022-10-25 09:46:28] - Creating shared instance of singleton bean 'conventionErrorViewResolver'
[2022-10-25 09:46:28] - Creating shared instance of singleton bean 'errorAttributes'
[2022-10-25 09:46:28] - Creating shared instance of singleton bean 'basicErrorController'
[2022-10-25 09:46:28] - Autowiring by type from bean name 'basicErrorController' via factory method to bean named 'errorAttributes'
[2022-10-25 09:46:28] - Creating shared instance of singleton bean 'org.springframework.boot.autoconfigure.web.servlet.WebMvcAutoConfiguration$EnableWebMvcConfiguration'
[2022-10-25 09:46:28] - Autowiring by type from bean name 'org.springframework.boot.autoconfigure.web.servlet.WebMvcAutoConfiguration$EnableWebMvcConfiguration' via constructor to bean named 'spring.mvc-org.springframework.boot.autoconfigure.web.servlet.WebMvcProperties'
[2022-10-25 09:46:28] - Autowiring by type from bean name 'org.springframework.boot.autoconfigure.web.servlet.WebMvcAutoConfiguration$EnableWebMvcConfiguration' via constructor to bean named 'spring.web-org.springframework.boot.autoconfigure.web.WebProperties'
[2022-10-25 09:46:28] - Autowiring by type from bean name 'org.springframework.boot.autoconfigure.web.servlet.WebMvcAutoConfiguration$EnableWebMvcConfiguration' via constructor to bean named 'org.springframework.beans.factory.support.DefaultListableBeanFactory@13e547a9'
[2022-10-25 09:46:28] - Creating shared instance of singleton bean 'org.springframework.boot.autoconfigure.web.servlet.WebMvcAutoConfiguration$WebMvcAutoConfigurationAdapter'
[2022-10-25 09:46:28] - Autowiring by type from bean name 'org.springframework.boot.autoconfigure.web.servlet.WebMvcAutoConfiguration$WebMvcAutoConfigurationAdapter' via constructor to bean named 'spring.web-org.springframework.boot.autoconfigure.web.WebProperties'
[2022-10-25 09:46:28] - Autowiring by type from bean name 'org.springframework.boot.autoconfigure.web.servlet.WebMvcAutoConfiguration$WebMvcAutoConfigurationAdapter' via constructor to bean named 'spring.mvc-org.springframework.boot.autoconfigure.web.servlet.WebMvcProperties'
[2022-10-25 09:46:28] - Autowiring by type from bean name 'org.springframework.boot.autoconfigure.web.servlet.WebMvcAutoConfiguration$WebMvcAutoConfigurationAdapter' via constructor to bean named 'org.springframework.beans.factory.support.DefaultListableBeanFactory@13e547a9'
[2022-10-25 09:46:28] - Creating shared instance of singleton bean 'openEntityManagerInViewInterceptorConfigurer'
[2022-10-25 09:46:28] - Creating shared instance of singleton bean 'org.springframework.boot.autoconfigure.orm.jpa.JpaBaseConfiguration$JpaWebConfiguration'
[2022-10-25 09:46:28] - Autowiring by type from bean name 'org.springframework.boot.autoconfigure.orm.jpa.JpaBaseConfiguration$JpaWebConfiguration' via constructor to bean named 'spring.jpa-org.springframework.boot.autoconfigure.orm.jpa.JpaProperties'
[2022-10-25 09:46:28] - Creating shared instance of singleton bean 'openEntityManagerInViewInterceptor'
[2022-10-25 09:46:28] - spring.jpa.open-in-view is enabled by default. Therefore, database queries may be performed during view rendering. Explicitly configure spring.jpa.open-in-view to disable this warning
[2022-10-25 09:46:28] - Autowiring by type from bean name 'openEntityManagerInViewInterceptorConfigurer' via factory method to bean named 'openEntityManagerInViewInterceptor'
[2022-10-25 09:46:28] - Creating shared instance of singleton bean 'org.springframework.data.web.config.SpringDataWebConfiguration'
[2022-10-25 09:46:28] - Autowiring by type from bean name 'org.springframework.data.web.config.SpringDataWebConfiguration' via constructor to bean named 'org.springframework.boot.web.servlet.context.AnnotationConfigServletWebServerApplicationContext@31add175'
[2022-10-25 09:46:28] - Creating shared instance of singleton bean 'requestMappingHandlerAdapter'
[2022-10-25 09:46:28] - Creating shared instance of singleton bean 'mvcContentNegotiationManager'
[2022-10-25 09:46:28] - Creating shared instance of singleton bean 'mvcConversionService'
[2022-10-25 09:46:28] - Creating shared instance of singleton bean 'mvcValidator'
[2022-10-25 09:46:28] - Autowiring by type from bean name 'requestMappingHandlerAdapter' via factory method to bean named 'mvcContentNegotiationManager'
[2022-10-25 09:46:28] - Autowiring by type from bean name 'requestMappingHandlerAdapter' via factory method to bean named 'mvcConversionService'
[2022-10-25 09:46:28] - Autowiring by type from bean name 'requestMappingHandlerAdapter' via factory method to bean named 'mvcValidator'
[2022-10-25 09:46:28] - Autowiring by type from bean name 'requestMappingHandlerAdapter' via factory method to bean named 'mvcContentNegotiationManager'
[2022-10-25 09:46:28] - Autowiring by type from bean name 'requestMappingHandlerAdapter' via factory method to bean named 'mvcConversionService'
[2022-10-25 09:46:28] - Autowiring by type from bean name 'requestMappingHandlerAdapter' via factory method to bean named 'mvcValidator'
[2022-10-25 09:46:28] - Creating shared instance of singleton bean 'messageConverters'
[2022-10-25 09:46:28] - Creating shared instance of singleton bean 'org.springframework.boot.autoconfigure.http.HttpMessageConvertersAutoConfiguration'
[2022-10-25 09:46:28] - Creating shared instance of singleton bean 'stringHttpMessageConverter'
[2022-10-25 09:46:28] - Creating shared instance of singleton bean 'org.springframework.boot.autoconfigure.http.HttpMessageConvertersAutoConfiguration$StringHttpMessageConverterConfiguration'
[2022-10-25 09:46:28] - Autowiring by type from bean name 'stringHttpMessageConverter' via factory method to bean named 'environment'
[2022-10-25 09:46:28] - Creating shared instance of singleton bean 'mappingJackson2HttpMessageConverter'
[2022-10-25 09:46:28] - Creating shared instance of singleton bean 'org.springframework.boot.autoconfigure.http.JacksonHttpMessageConvertersConfiguration$MappingJackson2HttpMessageConverterConfiguration'
[2022-10-25 09:46:28] - Creating shared instance of singleton bean 'jacksonObjectMapper'
[2022-10-25 09:46:28] - Creating shared instance of singleton bean 'org.springframework.boot.autoconfigure.jackson.JacksonAutoConfiguration$JacksonObjectMapperConfiguration'
[2022-10-25 09:46:28] - Creating shared instance of singleton bean 'org.springframework.boot.autoconfigure.jackson.JacksonAutoConfiguration$JacksonObjectMapperBuilderConfiguration'
[2022-10-25 09:46:28] - Creating shared instance of singleton bean 'standardJacksonObjectMapperBuilderCustomizer'
[2022-10-25 09:46:28] - Creating shared instance of singleton bean 'org.springframework.boot.autoconfigure.jackson.JacksonAutoConfiguration$Jackson2ObjectMapperBuilderCustomizerConfiguration'
[2022-10-25 09:46:28] - Creating shared instance of singleton bean 'spring.jackson-org.springframework.boot.autoconfigure.jackson.JacksonProperties'
[2022-10-25 09:46:28] - Autowiring by type from bean name 'standardJacksonObjectMapperBuilderCustomizer' via factory method to bean named 'org.springframework.boot.web.servlet.context.AnnotationConfigServletWebServerApplicationContext@31add175'
[2022-10-25 09:46:28] - Autowiring by type from bean name 'standardJacksonObjectMapperBuilderCustomizer' via factory method to bean named 'spring.jackson-org.springframework.boot.autoconfigure.jackson.JacksonProperties'
[2022-10-25 09:46:28] - Autowiring by type from bean name 'jacksonObjectMapperBuilder' via factory method to bean named 'org.springframework.boot.web.servlet.context.AnnotationConfigServletWebServerApplicationContext@31add175'
[2022-10-25 09:46:28] - Autowiring by type from bean name 'jacksonObjectMapperBuilder' via factory method to bean named 'standardJacksonObjectMapperBuilderCustomizer'
[2022-10-25 09:46:28] - Creating shared instance of singleton bean 'parameterNamesModule'
