[2022-10-25 19:46:20] - Finished Spring Data repository scanning in 2 ms. Found 1 JPA repository interfaces.
[2022-10-25 19:46:20] - Creating shared instance of singleton bean 'propertySourcesPlaceholderConfigurer'
[2022-10-25 19:46:20] - Creating shared instance of singleton bean 'org.springframework.boot.test.mock.mockito.MockitoPostProcessor'
[2022-10-25 19:46:20] - Creating shared instance of singleton bean 'emBeanDefinitionRegistrarPostProcessor'
[2022-10-25 19:46:20] - Creating shared instance of singleton bean 'org.springframework.boot.sql.init.dependency.DatabaseInitializationDependencyConfigurer$DependsOnDatabaseInitializationPostProcessor'
[2022-10-25 19:46:20] - Creating shared instance of singleton bean 'org.springframework.context.event.internalEventListenerProcessor'
[2022-10-25 19:46:20] - Creating shared instance of singleton bean 'conversionServicePostProcessor'
[2022-10-25 19:46:20] - Creating shared instance of singleton bean 'preserveErrorControllerTargetClassPostProcessor'
[2022-10-25 19:46:20] - Creating shared instance of singleton bean 'org.springframework.context.event.internalEventListenerFactory'
[2022-10-25 19:46:20] - Creating shared instance of singleton bean 'org.springframework.transaction.config.internalTransactionalEventListenerFactory'
[2022-10-25 19:46:20] - Creating shared instance of singleton bean 'org.springframework.boot.test.mock.mockito.MockitoPostProcessor$SpyPostProcessor'
[2022-10-25 19:46:20] - Creating shared instance of singleton bean 'org.springframework.context.annotation.internalAutowiredAnnotationProcessor'
[2022-10-25 19:46:20] - Creating shared instance of singleton bean 'org.springframework.context.annotation.internalCommonAnnotationProcessor'
[2022-10-25 19:46:20] - Creating shared instance of singleton bean 'org.springframework.context.annotation.internalPersistenceAnnotationProcessor'
[2022-10-25 19:46:20] - Creating shared instance of singleton bean 'org.springframework.boot.context.properties.ConfigurationPropertiesBindingPostProcessor'
[2022-10-25 19:46:20] - Creating shared instance of singleton bean 'org.springframework.boot.context.internalConfigurationPropertiesBinder'
[2022-10-25 19:46:20] - Creating shared instance of singleton bean 'org.springframework.boot.context.internalConfigurationPropertiesBinderFactory'
[2022-10-25 19:46:20] - Creating shared instance of singleton bean 'org.springframework.aop.config.internalAutoProxyCreator'
[2022-10-25 19:46:20] - Creating shared instance of singleton bean 'persistenceExceptionTranslationPostProcessor'
[2022-10-25 19:46:20] - Autowiring by type from bean name 'persistenceExceptionTranslationPostProcessor' via factory method to bean named 'environment'
[2022-10-25 19:46:20] - Creating shared instance of singleton bean 'webServerFactoryCustomizerBeanPostProcessor'
[2022-10-25 19:46:20] - Creating shared instance of singleton bean 'errorPageRegistrarBeanPostProcessor'
[2022-10-25 19:46:20] - Creating shared instance of singleton bean 'projectingArgumentResolverBeanPostProcessor'
[2022-10-25 19:46:20] - Creating shared instance of singleton bean 'org.springframework.transaction.config.internalTransactionAdvisor'
[2022-10-25 19:46:20] - Creating shared instance of singleton bean 'org.springframework.transaction.annotation.ProxyTransactionManagementConfiguration'
[2022-10-25 19:46:20] - Creating shared instance of singleton bean 'transactionAttributeSource'
[2022-10-25 19:46:20] - Creating shared instance of singleton bean 'transactionInterceptor'
[2022-10-25 19:46:20] - Autowiring by type from bean name 'transactionInterceptor' via factory method to bean named 'transactionAttributeSource'
[2022-10-25 19:46:20] - Autowiring by type from bean name 'org.springframework.transaction.config.internalTransactionAdvisor' via factory method to bean named 'transactionAttributeSource'
[2022-10-25 19:46:20] - Autowiring by type from bean name 'org.springframework.transaction.config.internalTransactionAdvisor' via factory method to bean named 'transactionInterceptor'
[2022-10-25 19:46:20] - Unable to locate ThemeSource with name 'themeSource': using default [org.springframework.ui.context.support.ResourceBundleThemeSource@6b3f4bd8]
[2022-10-25 19:46:20] - Creating shared instance of singleton bean 'dataSourceScriptDatabaseInitializer'
[2022-10-25 19:46:20] - Creating shared instance of singleton bean 'org.springframework.boot.autoconfigure.sql.init.DataSourceInitializationConfiguration'
[2022-10-25 19:46:20] - Creating shared instance of singleton bean 'dataSource'
[2022-10-25 19:46:20] - Creating shared instance of singleton bean 'org.springframework.boot.autoconfigure.jdbc.DataSourceConfiguration$Hikari'
[2022-10-25 19:46:20] - Creating shared instance of singleton bean 'spring.datasource-org.springframework.boot.autoconfigure.jdbc.DataSourceProperties'
[2022-10-25 19:46:20] - Creating shared instance of singleton bean 'org.springframework.boot.context.properties.BoundConfigurationProperties'
[2022-10-25 19:46:20] - Autowiring by type from bean name 'dataSource' via factory method to bean named 'spring.datasource-org.springframework.boot.autoconfigure.jdbc.DataSourceProperties'
[2022-10-25 19:46:20] - Driver class com.mysql.cj.jdbc.Driver found in Thread context class loader jdk.internal.loader.ClassLoaders$AppClassLoader@531d72ca
[2022-10-25 19:46:20] - Creating shared instance of singleton bean 'spring.sql.init-org.springframework.boot.autoconfigure.sql.init.SqlInitializationProperties'
[2022-10-25 19:46:20] - Autowiring by type from bean name 'dataSourceScriptDatabaseInitializer' via factory method to bean named 'dataSource'
[2022-10-25 19:46:20] - Autowiring by type from bean name 'dataSourceScriptDatabaseInitializer' via factory method to bean named 'spring.sql.init-org.springframework.boot.autoconfigure.sql.init.SqlInitializationProperties'
[2022-10-25 19:46:20] - Creating shared instance of singleton bean 'entityManagerFactory'
[2022-10-25 19:46:20] - Creating shared instance of singleton bean 'org.springframework.boot.autoconfigure.orm.jpa.HibernateJpaConfiguration'
[2022-10-25 19:46:20] - Creating shared instance of singleton bean 'spring.jpa-org.springframework.boot.autoconfigure.orm.jpa.JpaProperties'
[2022-10-25 19:46:20] - Creating shared instance of singleton bean 'spring.jpa.hibernate-org.springframework.boot.autoconfigure.orm.jpa.HibernateProperties'
[2022-10-25 19:46:20] - Autowiring by type from bean name 'org.springframework.boot.autoconfigure.orm.jpa.HibernateJpaConfiguration' via constructor to bean named 'dataSource'
[2022-10-25 19:46:20] - Autowiring by type from bean name 'org.springframework.boot.autoconfigure.orm.jpa.HibernateJpaConfiguration' via constructor to bean named 'spring.jpa-org.springframework.boot.autoconfigure.orm.jpa.JpaProperties'
[2022-10-25 19:46:20] - Autowiring by type from bean name 'org.springframework.boot.autoconfigure.orm.jpa.HibernateJpaConfiguration' via constructor to bean named 'org.springframework.beans.factory.support.DefaultListableBeanFactory@6615237'
[2022-10-25 19:46:20] - Autowiring by type from bean name 'org.springframework.boot.autoconfigure.orm.jpa.HibernateJpaConfiguration' via constructor to bean named 'spring.jpa.hibernate-org.springframework.boot.autoconfigure.orm.jpa.HibernateProperties'
[2022-10-25 19:46:20] - Creating shared instance of singleton bean 'hikariPoolDataSourceMetadataProvider'
[2022-10-25 19:46:20] - Creating shared instance of singleton bean 'org.springframework.boot.autoconfigure.jdbc.metadata.DataSourcePoolMetadataProvidersConfiguration$HikariPoolDataSourceMetadataProviderConfiguration'
[2022-10-25 19:46:20] - Creating shared instance of singleton bean 'entityManagerFactoryBuilder'
[2022-10-25 19:46:20] - Creating shared instance of singleton bean 'jpaVendorAdapter'
[2022-10-25 19:46:20] - Autowiring by type from bean name 'entityManagerFactoryBuilder' via factory method to bean named 'jpaVendorAdapter'
[2022-10-25 19:46:20] - Autowiring by type from bean name 'entityManagerFactory' via factory method to bean named 'entityManagerFactoryBuilder'
[2022-10-25 19:46:20] - Building JPA container EntityManagerFactory for persistence unit 'default'
[2022-10-25 19:46:20] - PersistenceUnitInfo [
	name: default
	persistence provider classname: null
	classloader: jdk.internal.loader.ClassLoaders$AppClassLoader@531d72ca
	excludeUnlistedClasses: true
	JTA datasource: null
	Non JTA datasource: HikariDataSource (null)
	Transaction type: RESOURCE_LOCAL
	PU root URL: file:/Users/Mahdi/Downloads/RestAPIProject/target/test-classes/
	Shared Cache Mode: UNSPECIFIED
	Validation Mode: AUTO
	Jar files URLs []
	Managed classes names [
		com.example.RestAPIProject.Model.User]
	Mapping files names []
	Properties []
[2022-10-25 19:46:20] - Adding Integrator [org.hibernate.cfg.beanvalidation.BeanValidationIntegrator].
[2022-10-25 19:46:20] - Adding Integrator [org.hibernate.secure.spi.JaccIntegrator].
[2022-10-25 19:46:20] - Adding Integrator [org.hibernate.cache.internal.CollectionCacheInvalidator].
[2022-10-25 19:46:20] - Overriding existing service binding [org.hibernate.secure.spi.JaccService]
[2022-10-25 19:46:20] - Cannot default RegionFactory based on registered strategies as `[]` RegionFactory strategies were registered
[2022-10-25 19:46:20] - Cache region factory : org.hibernate.cache.internal.NoCachingRegionFactory
[2022-10-25 19:46:20] - Adding type registration boolean -> org.hibernate.type.BooleanType@402f8592
[2022-10-25 19:46:20] - Adding type registration boolean -> org.hibernate.type.BooleanType@402f8592
[2022-10-25 19:46:20] - Adding type registration java.lang.Boolean -> org.hibernate.type.BooleanType@402f8592
[2022-10-25 19:46:20] - Adding type registration numeric_boolean -> org.hibernate.type.NumericBooleanType@43935e9c
[2022-10-25 19:46:20] - Adding type registration true_false -> org.hibernate.type.TrueFalseType@3dbd7107
[2022-10-25 19:46:20] - Adding type registration yes_no -> org.hibernate.type.YesNoType@70b6db83
[2022-10-25 19:46:20] - Adding type registration byte -> org.hibernate.type.ByteType@2b877a54
[2022-10-25 19:46:20] - Adding type registration byte -> org.hibernate.type.ByteType@2b877a54
[2022-10-25 19:46:20] - Adding type registration java.lang.Byte -> org.hibernate.type.ByteType@2b877a54
[2022-10-25 19:46:20] - Adding type registration character -> org.hibernate.type.CharacterType@2df65a56
[2022-10-25 19:46:20] - Adding type registration char -> org.hibernate.type.CharacterType@2df65a56
[2022-10-25 19:46:20] - Adding type registration java.lang.Character -> org.hibernate.type.CharacterType@2df65a56
[2022-10-25 19:46:20] - Adding type registration short -> org.hibernate.type.ShortType@2e56b4d
[2022-10-25 19:46:20] - Adding type registration short -> org.hibernate.type.ShortType@2e56b4d
[2022-10-25 19:46:20] - Adding type registration java.lang.Short -> org.hibernate.type.ShortType@2e56b4d
[2022-10-25 19:46:20] - Adding type registration integer -> org.hibernate.type.IntegerType@805e72e
[2022-10-25 19:46:20] - Adding type registration int -> org.hibernate.type.IntegerType@805e72e
[2022-10-25 19:46:20] - Adding type registration java.lang.Integer -> org.hibernate.type.IntegerType@805e72e
[2022-10-25 19:46:20] - Adding type registration long -> org.hibernate.type.LongType@30922f8d
[2022-10-25 19:46:20] - Adding type registration long -> org.hibernate.type.LongType@30922f8d
[2022-10-25 19:46:20] - Adding type registration java.lang.Long -> org.hibernate.type.LongType@30922f8d
[2022-10-25 19:46:20] - Adding type registration float -> org.hibernate.type.FloatType@4026461d
[2022-10-25 19:46:20] - Adding type registration float -> org.hibernate.type.FloatType@4026461d
[2022-10-25 19:46:20] - Adding type registration java.lang.Float -> org.hibernate.type.FloatType@4026461d
[2022-10-25 19:46:20] - Adding type registration double -> org.hibernate.type.DoubleType@39ab5ef7
[2022-10-25 19:46:20] - Adding type registration double -> org.hibernate.type.DoubleType@39ab5ef7
[2022-10-25 19:46:20] - Adding type registration java.lang.Double -> org.hibernate.type.DoubleType@39ab5ef7
[2022-10-25 19:46:20] - Adding type registration big_decimal -> org.hibernate.type.BigDecimalType@30a9e3db
[2022-10-25 19:46:20] - Adding type registration java.math.BigDecimal -> org.hibernate.type.BigDecimalType@30a9e3db
[2022-10-25 19:46:20] - Adding type registration big_integer -> org.hibernate.type.BigIntegerType@474749b8
[2022-10-25 19:46:20] - Adding type registration java.math.BigInteger -> org.hibernate.type.BigIntegerType@474749b8
[2022-10-25 19:46:20] - Adding type registration string -> org.hibernate.type.StringType@19f02280
[2022-10-25 19:46:20] - Adding type registration java.lang.String -> org.hibernate.type.StringType@19f02280
[2022-10-25 19:46:20] - Adding type registration nstring -> org.hibernate.type.StringNVarcharType@14b528b6
[2022-10-25 19:46:20] - Adding type registration ncharacter -> org.hibernate.type.CharacterNCharType@78c262ba
[2022-10-25 19:46:20] - Adding type registration url -> org.hibernate.type.UrlType@5db948c9
[2022-10-25 19:46:20] - Adding type registration java.net.URL -> org.hibernate.type.UrlType@5db948c9
[2022-10-25 19:46:20] - Adding type registration Duration -> org.hibernate.type.DurationType@4ae2e781
[2022-10-25 19:46:20] - Adding type registration java.time.Duration -> org.hibernate.type.DurationType@4ae2e781
[2022-10-25 19:46:20] - Adding type registration Instant -> org.hibernate.type.InstantType@1e00bfe2
[2022-10-25 19:46:20] - Adding type registration java.time.Instant -> org.hibernate.type.InstantType@1e00bfe2
[2022-10-25 19:46:20] - Adding type registration LocalDateTime -> org.hibernate.type.LocalDateTimeType@15214920
[2022-10-25 19:46:20] - Adding type registration java.time.LocalDateTime -> org.hibernate.type.LocalDateTimeType@15214920
[2022-10-25 19:46:20] - Adding type registration LocalDate -> org.hibernate.type.LocalDateType@58687fb7
[2022-10-25 19:46:20] - Adding type registration java.time.LocalDate -> org.hibernate.type.LocalDateType@58687fb7
[2022-10-25 19:46:20] - Adding type registration LocalTime -> org.hibernate.type.LocalTimeType@491f8831
[2022-10-25 19:46:20] - Adding type registration java.time.LocalTime -> org.hibernate.type.LocalTimeType@491f8831
[2022-10-25 19:46:20] - Adding type registration OffsetDateTime -> org.hibernate.type.OffsetDateTimeType@11df2829
