[2022-10-25 19:46:21] - Adding type registration java.time.OffsetDateTime -> org.hibernate.type.OffsetDateTimeType@11df2829
[2022-10-25 19:46:21] - Adding type registration OffsetTime -> org.hibernate.type.OffsetTimeType@4ed18798
[2022-10-25 19:46:21] - Adding type registration java.time.OffsetTime -> org.hibernate.type.OffsetTimeType@4ed18798
[2022-10-25 19:46:21] - Adding type registration ZonedDateTime -> org.hibernate.type.ZonedDateTimeType@8840c98
[2022-10-25 19:46:21] - Adding type registration java.time.ZonedDateTime -> org.hibernate.type.ZonedDateTimeType@8840c98
[2022-10-25 19:46:21] - Adding type registration date -> org.hibernate.type.DateType@6f85ee02
[2022-10-25 19:46:21] - Adding type registration java.sql.Date -> org.hibernate.type.DateType@6f85ee02
[2022-10-25 19:46:21] - Adding type registration time -> org.hibernate.type.TimeType@361cd35c
[2022-10-25 19:46:21] - Adding type registration java.sql.Time -> org.hibernate.type.TimeType@361cd35c
[2022-10-25 19:46:21] - Adding type registration timestamp -> org.hibernate.type.TimestampType@56a4abd0
[2022-10-25 19:46:21] - Adding type registration java.sql.Timestamp -> org.hibernate.type.TimestampType@56a4abd0
[2022-10-25 19:46:21] - Adding type registration java.util.Date -> org.hibernate.type.TimestampType@56a4abd0
[2022-10-25 19:46:21] - Adding type registration dbtimestamp -> org.hibernate.type.DbTimestampType@269222ae
[2022-10-25 19:46:21] - Adding type registration calendar -> org.hibernate.type.CalendarType@7558c24b
[2022-10-25 19:46:21] - Adding type registration java.util.Calendar -> org.hibernate.type.CalendarType@7558c24b
[2022-10-25 19:46:21] - Adding type registration java.util.GregorianCalendar -> org.hibernate.type.CalendarType@7558c24b
[2022-10-25 19:46:21] - Adding type registration calendar_date -> org.hibernate.type.CalendarDateType@26457986
[2022-10-25 19:46:21] - Adding type registration calendar_time -> org.hibernate.type.CalendarTimeType@6c742b84
[2022-10-25 19:46:21] - Adding type registration locale -> org.hibernate.type.LocaleType@26e0d39c
[2022-10-25 19:46:21] - Adding type registration java.util.Locale -> org.hibernate.type.LocaleType@26e0d39c
[2022-10-25 19:46:21] - Adding type registration currency -> org.hibernate.type.CurrencyType@6dcab9d9
[2022-10-25 19:46:21] - Adding type registration java.util.Currency -> org.hibernate.type.CurrencyType@6dcab9d9
[2022-10-25 19:46:21] - Adding type registration timezone -> org.hibernate.type.TimeZoneType@6ef2f7ad
[2022-10-25 19:46:21] - Adding type registration java.util.TimeZone -> org.hibernate.type.TimeZoneType@6ef2f7ad
[2022-10-25 19:46:21] - Adding type registration class -> org.hibernate.type.ClassType@7f0f84d4
[2022-10-25 19:46:21] - Adding type registration java.lang.Class -> org.hibernate.type.ClassType@7f0f84d4
[2022-10-25 19:46:21] - Adding type registration uuid-binary -> org.hibernate.type.UUIDBinaryType@251c8145
[2022-10-25 19:46:21] - Adding type registration java.util.UUID -> org.hibernate.type.UUIDBinaryType@251c8145
[2022-10-25 19:46:21] - Adding type registration uuid-char -> org.hibernate.type.UUIDCharType@1b52699c
[2022-10-25 19:46:21] - Adding type registration binary -> org.hibernate.type.BinaryType@3db65c0d
[2022-10-25 19:46:21] - Adding type registration byte[] -> org.hibernate.type.BinaryType@3db65c0d
[2022-10-25 19:46:21] - Adding type registration [B -> org.hibernate.type.BinaryType@3db65c0d
[2022-10-25 19:46:21] - Adding type registration wrapper-binary -> org.hibernate.type.WrapperBinaryType@8c0a23f
[2022-10-25 19:46:21] - Adding type registration Byte[] -> org.hibernate.type.WrapperBinaryType@8c0a23f
[2022-10-25 19:46:21] - Adding type registration [Ljava.lang.Byte; -> org.hibernate.type.WrapperBinaryType@8c0a23f
[2022-10-25 19:46:21] - Adding type registration row_version -> org.hibernate.type.RowVersionType@45801322
[2022-10-25 19:46:21] - Adding type registration image -> org.hibernate.type.ImageType@291a4791
[2022-10-25 19:46:21] - Adding type registration characters -> org.hibernate.type.CharArrayType@bb3ecfe
[2022-10-25 19:46:21] - Adding type registration char[] -> org.hibernate.type.CharArrayType@bb3ecfe
[2022-10-25 19:46:21] - Adding type registration [C -> org.hibernate.type.CharArrayType@bb3ecfe
[2022-10-25 19:46:21] - Adding type registration wrapper-characters -> org.hibernate.type.CharacterArrayType@582e9152
[2022-10-25 19:46:21] - Adding type registration [Ljava.lang.Character; -> org.hibernate.type.CharacterArrayType@582e9152
[2022-10-25 19:46:21] - Adding type registration Character[] -> org.hibernate.type.CharacterArrayType@582e9152
[2022-10-25 19:46:21] - Adding type registration text -> org.hibernate.type.TextType@de579ff
[2022-10-25 19:46:21] - Adding type registration ntext -> org.hibernate.type.NTextType@46394f65
[2022-10-25 19:46:21] - Adding type registration blob -> org.hibernate.type.BlobType@797fcf9
[2022-10-25 19:46:21] - Adding type registration java.sql.Blob -> org.hibernate.type.BlobType@797fcf9
[2022-10-25 19:46:21] - Adding type registration materialized_blob -> org.hibernate.type.MaterializedBlobType@b5aa65b
[2022-10-25 19:46:21] - Adding type registration clob -> org.hibernate.type.ClobType@58f254b1
[2022-10-25 19:46:21] - Adding type registration java.sql.Clob -> org.hibernate.type.ClobType@58f254b1
[2022-10-25 19:46:21] - Adding type registration nclob -> org.hibernate.type.NClobType@1a14fdf0
[2022-10-25 19:46:21] - Adding type registration java.sql.NClob -> org.hibernate.type.NClobType@1a14fdf0
[2022-10-25 19:46:21] - Adding type registration materialized_clob -> org.hibernate.type.MaterializedClobType@75eaba95
[2022-10-25 19:46:21] - Adding type registration materialized_nclob -> org.hibernate.type.MaterializedNClobType@4aed311e
[2022-10-25 19:46:21] - Adding type registration serializable -> org.hibernate.type.SerializableType@20440c6c
[2022-10-25 19:46:21] - Adding type registration object -> org.hibernate.type.ObjectType@15e8f9b2
[2022-10-25 19:46:21] - Adding type registration java.lang.Object -> org.hibernate.type.ObjectType@15e8f9b2
[2022-10-25 19:46:21] - Adding type registration imm_date -> org.hibernate.type.AdaptedImmutableType@690df641
[2022-10-25 19:46:21] - Adding type registration imm_time -> org.hibernate.type.AdaptedImmutableType@7db791df
[2022-10-25 19:46:21] - Adding type registration imm_timestamp -> org.hibernate.type.AdaptedImmutableType@1bfa5a13
[2022-10-25 19:46:21] - Adding type registration imm_dbtimestamp -> org.hibernate.type.AdaptedImmutableType@1b1e1f02
[2022-10-25 19:46:21] - Adding type registration imm_calendar -> org.hibernate.type.AdaptedImmutableType@1da75dde
[2022-10-25 19:46:21] - Adding type registration imm_calendar_date -> org.hibernate.type.AdaptedImmutableType@5c5f0edc
[2022-10-25 19:46:21] - Adding type registration imm_binary -> org.hibernate.type.AdaptedImmutableType@153cfd86
[2022-10-25 19:46:21] - Adding type registration imm_serializable -> org.hibernate.type.AdaptedImmutableType@7e31062c
[2022-10-25 19:46:21] - Injecting JPA temp ClassLoader [org.springframework.instrument.classloading.SimpleThrowawayClassLoader@7d522180] into BootstrapContext; was [null]
[2022-10-25 19:46:21] - ClassLoaderAccessImpl#injectTempClassLoader(org.springframework.instrument.classloading.SimpleThrowawayClassLoader@7d522180) [was null]
[2022-10-25 19:46:21] - Injecting ScanEnvironment [org.hibernate.jpa.boot.internal.StandardJpaScanEnvironmentImpl@ff03361] into BootstrapContext; was [null]
[2022-10-25 19:46:21] - Injecting ScanOptions [org.hibernate.boot.archive.scan.internal.StandardScanOptions@790654d5] into BootstrapContext; was [org.hibernate.boot.archive.scan.internal.StandardScanOptions@5f935d49]
[2022-10-25 19:46:21] - Injecting JPA temp ClassLoader [null] into BootstrapContext; was [org.springframework.instrument.classloading.SimpleThrowawayClassLoader@7d522180]
[2022-10-25 19:46:21] - ClassLoaderAccessImpl#injectTempClassLoader(null) [was org.springframework.instrument.classloading.SimpleThrowawayClassLoader@7d522180]
[2022-10-25 19:46:21] - Registering IdentifierGenerator strategy [uuid2] -> [org.hibernate.id.UUIDGenerator]
[2022-10-25 19:46:21] - Registering IdentifierGenerator strategy [guid] -> [org.hibernate.id.GUIDGenerator]
[2022-10-25 19:46:21] - Registering IdentifierGenerator strategy [uuid] -> [org.hibernate.id.UUIDHexGenerator]
[2022-10-25 19:46:21] - Registering IdentifierGenerator strategy [uuid.hex] -> [org.hibernate.id.UUIDHexGenerator]
[2022-10-25 19:46:21] - Registering IdentifierGenerator strategy [assigned] -> [org.hibernate.id.Assigned]
[2022-10-25 19:46:21] - Registering IdentifierGenerator strategy [identity] -> [org.hibernate.id.IdentityGenerator]
[2022-10-25 19:46:21] - Registering IdentifierGenerator strategy [select] -> [org.hibernate.id.SelectGenerator]
[2022-10-25 19:46:21] - Registering IdentifierGenerator strategy [sequence] -> [org.hibernate.id.enhanced.SequenceStyleGenerator]
[2022-10-25 19:46:21] - Registering IdentifierGenerator strategy [seqhilo] -> [org.hibernate.id.SequenceHiLoGenerator]
[2022-10-25 19:46:21] - Registering IdentifierGenerator strategy [increment] -> [org.hibernate.id.IncrementGenerator]
[2022-10-25 19:46:21] - Registering IdentifierGenerator strategy [foreign] -> [org.hibernate.id.ForeignGenerator]
[2022-10-25 19:46:21] - Registering IdentifierGenerator strategy [sequence-identity] -> [org.hibernate.id.SequenceIdentityGenerator]
[2022-10-25 19:46:21] - Registering IdentifierGenerator strategy [enhanced-sequence] -> [org.hibernate.id.enhanced.SequenceStyleGenerator]
[2022-10-25 19:46:21] - Registering IdentifierGenerator strategy [enhanced-table] -> [org.hibernate.id.enhanced.TableGenerator]
[2022-10-25 19:46:21] - HikariPool-3 - configuration:
[2022-10-25 19:46:21] - allowPoolSuspension................................false
[2022-10-25 19:46:21] - autoCommit................................true
[2022-10-25 19:46:21] - catalog................................none
[2022-10-25 19:46:21] - connectionInitSql................................none
[2022-10-25 19:46:21] - connectionTestQuery................................none
[2022-10-25 19:46:21] - connectionTimeout................................30000
[2022-10-25 19:46:21] - dataSource................................none
[2022-10-25 19:46:21] - dataSourceClassName................................none
[2022-10-25 19:46:21] - dataSourceJNDI................................none
[2022-10-25 19:46:21] - dataSourceProperties................................{password=<masked>}
[2022-10-25 19:46:21] - driverClassName................................"com.mysql.cj.jdbc.Driver"
[2022-10-25 19:46:21] - exceptionOverrideClassName................................none
[2022-10-25 19:46:21] - healthCheckProperties................................{}
[2022-10-25 19:46:21] - healthCheckRegistry................................none
[2022-10-25 19:46:21] - idleTimeout................................600000
[2022-10-25 19:46:21] - initializationFailTimeout................................1
[2022-10-25 19:46:21] - isolateInternalQueries................................false
[2022-10-25 19:46:21] - jdbcUrl................................jdbc:mysql://mysqldb/db_users
[2022-10-25 19:46:21] - keepaliveTime................................0
[2022-10-25 19:46:21] - leakDetectionThreshold................................0
[2022-10-25 19:46:21] - maxLifetime................................1800000
[2022-10-25 19:46:21] - maximumPoolSize................................10
[2022-10-25 19:46:21] - metricRegistry................................none
[2022-10-25 19:46:21] - metricsTrackerFactory................................none
[2022-10-25 19:46:21] - minimumIdle................................10
[2022-10-25 19:46:21] - password................................<masked>
[2022-10-25 19:46:21] - poolName................................"HikariPool-3"
[2022-10-25 19:46:21] - readOnly................................false
[2022-10-25 19:46:21] - registerMbeans................................false
[2022-10-25 19:46:21] - scheduledExecutor................................none
[2022-10-25 19:46:21] - schema................................none
[2022-10-25 19:46:21] - threadFactory................................internal
[2022-10-25 19:46:21] - transactionIsolation................................default
[2022-10-25 19:46:21] - username................................"mahdi"
[2022-10-25 19:46:21] - validationTimeout................................5000
[2022-10-25 19:46:21] - HikariPool-3 - Starting...
[2022-10-25 19:46:21] - HikariPool-3 - Failed to create/setup connection: Communications link failure

The last packet sent successfully to the server was 0 milliseconds ago. The driver has not received any packets from the server.
[2022-10-25 19:46:21] - HikariPool-3 - Cannot acquire connection from data source
com.mysql.cj.jdbc.exceptions.CommunicationsException: Communications link failure

The last packet sent successfully to the server was 0 milliseconds ago. The driver has not received any packets from the server.
	at com.mysql.cj.jdbc.exceptions.SQLError.createCommunicationsException(SQLError.java:174)
	at com.mysql.cj.jdbc.exceptions.SQLExceptionsMapping.translateException(SQLExceptionsMapping.java:64)
	at com.mysql.cj.jdbc.ConnectionImpl.createNewIO(ConnectionImpl.java:828)
	at com.mysql.cj.jdbc.ConnectionImpl.<init>(ConnectionImpl.java:448)
	at com.mysql.cj.jdbc.ConnectionImpl.getInstance(ConnectionImpl.java:241)
	at com.mysql.cj.jdbc.NonRegisteringDriver.connect(NonRegisteringDriver.java:198)
	at com.zaxxer.hikari.util.DriverDataSource.getConnection(DriverDataSource.java:138)
	at com.zaxxer.hikari.pool.PoolBase.newConnection(PoolBase.java:364)
	at com.zaxxer.hikari.pool.PoolBase.newPoolEntry(PoolBase.java:206)
	at com.zaxxer.hikari.pool.HikariPool.createPoolEntry(HikariPool.java:476)
	at com.zaxxer.hikari.pool.HikariPool.checkFailFast(HikariPool.java:561)
	at com.zaxxer.hikari.pool.HikariPool.<init>(HikariPool.java:115)
	at com.zaxxer.hikari.HikariDataSource.getConnection(HikariDataSource.java:112)
	at org.hibernate.engine.jdbc.connections.internal.DatasourceConnectionProviderImpl.getConnection(DatasourceConnectionProviderImpl.java:122)
	at org.hibernate.engine.jdbc.env.internal.JdbcEnvironmentInitiator$ConnectionProviderJdbcConnectionAccess.obtainConnection(JdbcEnvironmentInitiator.java:181)
	at org.hibernate.engine.jdbc.env.internal.JdbcEnvironmentInitiator.initiateService(JdbcEnvironmentInitiator.java:68)
	at org.hibernate.engine.jdbc.env.internal.JdbcEnvironmentInitiator.initiateService(JdbcEnvironmentInitiator.java:35)
	at org.hibernate.boot.registry.internal.StandardServiceRegistryImpl.initiateService(StandardServiceRegistryImpl.java:101)
	at org.hibernate.service.internal.AbstractServiceRegistryImpl.createService(AbstractServiceRegistryImpl.java:263)
	at org.hibernate.service.internal.AbstractServiceRegistryImpl.initializeService(AbstractServiceRegistryImpl.java:237)
	at org.hibernate.service.internal.AbstractServiceRegistryImpl.getService(AbstractServiceRegistryImpl.java:214)
	at org.hibernate.id.factory.internal.DefaultIdentifierGeneratorFactory.injectServices(DefaultIdentifierGeneratorFactory.java:175)
	at org.hibernate.service.internal.AbstractServiceRegistryImpl.injectDependencies(AbstractServiceRegistryImpl.java:286)
	at org.hibernate.service.internal.AbstractServiceRegistryImpl.initializeService(AbstractServiceRegistryImpl.java:243)
	at org.hibernate.service.internal.AbstractServiceRegistryImpl.getService(AbstractServiceRegistryImpl.java:214)
	at org.hibernate.boot.internal.InFlightMetadataCollectorImpl.<init>(InFlightMetadataCollectorImpl.java:173)
	at org.hibernate.boot.model.process.spi.MetadataBuildingProcess.complete(MetadataBuildingProcess.java:127)
	at org.hibernate.jpa.boot.internal.EntityManagerFactoryBuilderImpl.metadata(EntityManagerFactoryBuilderImpl.java:1460)
	at org.hibernate.jpa.boot.internal.EntityManagerFactoryBuilderImpl.build(EntityManagerFactoryBuilderImpl.java:1494)
	at org.springframework.orm.jpa.vendor.SpringHibernateJpaPersistenceProvider.createContainerEntityManagerFactory(SpringHibernateJpaPersistenceProvider.java:58)
	at org.springframework.orm.jpa.LocalContainerEntityManagerFactoryBean.createNativeEntityManagerFactory(LocalContainerEntityManagerFactoryBean.java:365)
	at org.springframework.orm.jpa.AbstractEntityManagerFactoryBean.buildNativeEntityManagerFactory(AbstractEntityManagerFactoryBean.java:409)
	at org.springframework.orm.jpa.AbstractEntityManagerFactoryBean.afterPropertiesSet(AbstractEntityManagerFactoryBean.java:396)
	at org.springframework.orm.jpa.LocalContainerEntityManagerFactoryBean.afterPropertiesSet(LocalContainerEntityManagerFactoryBean.java:341)
	at org.springframework.beans.factory.support.AbstractAutowireCapableBeanFactory.invokeInitMethods(AbstractAutowireCapableBeanFactory.java:1863)
	at org.springframework.beans.factory.support.AbstractAutowireCapableBeanFactory.initializeBean(AbstractAutowireCapableBeanFactory.java:1800)
	at org.springframework.beans.factory.support.AbstractAutowireCapableBeanFactory.doCreateBean(AbstractAutowireCapableBeanFactory.java:620)
	at org.springframework.beans.factory.support.AbstractAutowireCapableBeanFactory.createBean(AbstractAutowireCapableBeanFactory.java:542)
	at org.springframework.beans.factory.support.AbstractBeanFactory.lambda$doGetBean$0(AbstractBeanFactory.java:335)
	at org.springframework.beans.factory.support.DefaultSingletonBeanRegistry.getSingleton(DefaultSingletonBeanRegistry.java:234)
	at org.springframework.beans.factory.support.AbstractBeanFactory.doGetBean(AbstractBeanFactory.java:333)
	at org.springframework.beans.factory.support.AbstractBeanFactory.getBean(AbstractBeanFactory.java:208)
	at org.springframework.context.support.AbstractApplicationContext.getBean(AbstractApplicationContext.java:1154)
	at org.springframework.context.support.AbstractApplicationContext.finishBeanFactoryInitialization(AbstractApplicationContext.java:908)
	at org.springframework.context.support.AbstractApplicationContext.refresh(AbstractApplicationContext.java:583)
	at org.springframework.boot.SpringApplication.refresh(SpringApplication.java:734)
	at org.springframework.boot.SpringApplication.refreshContext(SpringApplication.java:408)
	at org.springframework.boot.SpringApplication.run(SpringApplication.java:308)
	at org.springframework.boot.test.context.SpringBootContextLoader.loadContext(SpringBootContextLoader.java:132)
	at org.springframework.test.context.cache.DefaultCacheAwareContextLoaderDelegate.loadContextInternal(DefaultCacheAwareContextLoaderDelegate.java:141)
	at org.springframework.test.context.cache.DefaultCacheAwareContextLoaderDelegate.loadContext(DefaultCacheAwareContextLoaderDelegate.java:90)
	at org.springframework.test.context.support.DefaultTestContext.getApplicationContext(DefaultTestContext.java:124)
	at org.springframework.test.context.web.ServletTestExecutionListener.setUpRequestContextIfNecessary(ServletTestExecutionListener.java:190)
	at org.springframework.test.context.web.ServletTestExecutionListener.prepareTestInstance(ServletTestExecutionListener.java:132)
	at org.springframework.test.context.TestContextManager.prepareTestInstance(TestContextManager.java:248)
	at org.springframework.test.context.junit.jupiter.SpringExtension.postProcessTestInstance(SpringExtension.java:138)
	at org.junit.jupiter.engine.descriptor.ClassBasedTestDescriptor.lambda$invokeTestInstancePostProcessors$8(ClassBasedTestDescriptor.java:363)
	at org.junit.jupiter.engine.descriptor.ClassBasedTestDescriptor.executeAndMaskThrowable(ClassBasedTestDescriptor.java:368)
	at org.junit.jupiter.engine.descriptor.ClassBasedTestDescriptor.lambda$invokeTestInstancePostProcessors$9(ClassBasedTestDescriptor.java:363)
	at java.base/java.util.stream.ReferencePipeline$3$1.accept(ReferencePipeline.java:197)
	at java.base/java.util.stream.ReferencePipeline$2$1.accept(ReferencePipeline.java:179)
	at java.base/java.util.ArrayList$ArrayListSpliterator.forEachRemaining(ArrayList.java:1625)
	at java.base/java.util.stream.AbstractPipeline.copyInto(AbstractPipeline.java:509)
	at java.base/java.util.stream.AbstractPipeline.wrapAndCopyInto(AbstractPipeline.java:499)
	at java.base/java.util.stream.StreamSpliterators$WrappingSpliterator.forEachRemaining(StreamSpliterators.java:310)
	at java.base/java.util.stream.Streams$ConcatSpliterator.forEachRemaining(Streams.java:735)
	at java.base/java.util.stream.Streams$ConcatSpliterator.forEachRemaining(Streams.java:734)
	at java.base/java.util.stream.ReferencePipeline$Head.forEach(ReferencePipeline.java:762)
	at org.junit.jupiter.engine.descriptor.ClassBasedTestDescriptor.invokeTestInstancePostProcessors(ClassBasedTestDescriptor.java:362)
	at org.junit.jupiter.engine.descriptor.ClassBasedTestDescriptor.lambda$instantiateAndPostProcessTestInstance$6(ClassBasedTestDescriptor.java:283)
	at org.junit.platform.engine.support.hierarchical.ThrowableCollector.execute(ThrowableCollector.java:73)
	at org.junit.jupiter.engine.descriptor.ClassBasedTestDescriptor.instantiateAndPostProcessTestInstance(ClassBasedTestDescriptor.java:282)
	at org.junit.jupiter.engine.descriptor.ClassBasedTestDescriptor.lambda$testInstancesProvider$4(ClassBasedTestDescriptor.java:272)
	at java.base/java.util.Optional.orElseGet(Optional.java:364)
	at org.junit.jupiter.engine.descriptor.ClassBasedTestDescriptor.lambda$testInstancesProvider$5(ClassBasedTestDescriptor.java:271)
	at org.junit.jupiter.engine.execution.TestInstancesProvider.getTestInstances(TestInstancesProvider.java:31)
	at org.junit.jupiter.engine.descriptor.TestMethodTestDescriptor.lambda$prepare$0(TestMethodTestDescriptor.java:102)
	at org.junit.platform.engine.support.hierarchical.ThrowableCollector.execute(ThrowableCollector.java:73)
	at org.junit.jupiter.engine.descriptor.TestMethodTestDescriptor.prepare(TestMethodTestDescriptor.java:101)
	at org.junit.jupiter.engine.descriptor.TestMethodTestDescriptor.prepare(TestMethodTestDescriptor.java:66)
	at org.junit.platform.engine.support.hierarchical.NodeTestTask.lambda$prepare$2(NodeTestTask.java:123)
	at org.junit.platform.engine.support.hierarchical.ThrowableCollector.execute(ThrowableCollector.java:73)
	at org.junit.platform.engine.support.hierarchical.NodeTestTask.prepare(NodeTestTask.java:123)
	at org.junit.platform.engine.support.hierarchical.NodeTestTask.execute(NodeTestTask.java:90)
	at java.base/java.util.ArrayList.forEach(ArrayList.java:1511)
	at org.junit.platform.engine.support.hierarchical.SameThreadHierarchicalTestExecutorService.invokeAll(SameThreadHierarchicalTestExecutorService.java:41)
	at org.junit.platform.engine.support.hierarchical.NodeTestTask.lambda$executeRecursively$6(NodeTestTask.java:155)
	at org.junit.platform.engine.support.hierarchical.ThrowableCollector.execute(ThrowableCollector.java:73)
	at org.junit.platform.engine.support.hierarchical.NodeTestTask.lambda$executeRecursively$8(NodeTestTask.java:141)
	at org.junit.platform.engine.support.hierarchical.Node.around(Node.java:137)
	at org.junit.platform.engine.support.hierarchical.NodeTestTask.lambda$executeRecursively$9(NodeTestTask.java:139)
	at org.junit.platform.engine.support.hierarchical.ThrowableCollector.execute(ThrowableCollector.java:73)
	at org.junit.platform.engine.support.hierarchical.NodeTestTask.executeRecursively(NodeTestTask.java:138)
	at org.junit.platform.engine.support.hierarchical.NodeTestTask.execute(NodeTestTask.java:95)
	at java.base/java.util.ArrayList.forEach(ArrayList.java:1511)
	at org.junit.platform.engine.support.hierarchical.SameThreadHierarchicalTestExecutorService.invokeAll(SameThreadHierarchicalTestExecutorService.java:41)
	at org.junit.platform.engine.support.hierarchical.NodeTestTask.lambda$executeRecursively$6(NodeTestTask.java:155)
	at org.junit.platform.engine.support.hierarchical.ThrowableCollector.execute(ThrowableCollector.java:73)
	at org.junit.platform.engine.support.hierarchical.NodeTestTask.lambda$executeRecursively$8(NodeTestTask.java:141)
	at org.junit.platform.engine.support.hierarchical.Node.around(Node.java:137)
	at org.junit.platform.engine.support.hierarchical.NodeTestTask.lambda$executeRecursively$9(NodeTestTask.java:139)
	at org.junit.platform.engine.support.hierarchical.ThrowableCollector.execute(ThrowableCollector.java:73)
	at org.junit.platform.engine.support.hierarchical.NodeTestTask.executeRecursively(NodeTestTask.java:138)
	at org.junit.platform.engine.support.hierarchical.NodeTestTask.execute(NodeTestTask.java:95)
	at org.junit.platform.engine.support.hierarchical.SameThreadHierarchicalTestExecutorService.submit(SameThreadHierarchicalTestExecutorService.java:35)
	at org.junit.platform.engine.support.hierarchical.HierarchicalTestExecutor.execute(HierarchicalTestExecutor.java:57)
	at org.junit.platform.engine.support.hierarchical.HierarchicalTestEngine.execute(HierarchicalTestEngine.java:54)
	at org.junit.platform.launcher.core.DefaultLauncher.execute(DefaultLauncher.java:220)
	at org.junit.platform.launcher.core.DefaultLauncher.lambda$execute$6(DefaultLauncher.java:188)
	at org.junit.platform.launcher.core.DefaultLauncher.withInterceptedStreams(DefaultLauncher.java:202)
	at org.junit.platform.launcher.core.DefaultLauncher.execute(DefaultLauncher.java:181)
	at org.junit.platform.launcher.core.DefaultLauncher.execute(DefaultLauncher.java:128)
	at org.apache.maven.surefire.junitplatform.JUnitPlatformProvider.invokeAllTests(JUnitPlatformProvider.java:150)
	at org.apache.maven.surefire.junitplatform.JUnitPlatformProvider.invoke(JUnitPlatformProvider.java:124)
	at org.apache.maven.surefire.booter.ForkedBooter.invokeProviderInSameClassLoader(ForkedBooter.java:384)
	at org.apache.maven.surefire.booter.ForkedBooter.runSuitesInProcess(ForkedBooter.java:345)
	at org.apache.maven.surefire.booter.ForkedBooter.execute(ForkedBooter.java:126)
	at org.apache.maven.surefire.booter.ForkedBooter.main(ForkedBooter.java:418)
Caused by: com.mysql.cj.exceptions.CJCommunicationsException: Communications link failure

The last packet sent successfully to the server was 0 milliseconds ago. The driver has not received any packets from the server.
	at java.base/jdk.internal.reflect.NativeConstructorAccessorImpl.newInstance0(Native Method)
	at java.base/jdk.internal.reflect.NativeConstructorAccessorImpl.newInstance(NativeConstructorAccessorImpl.java:77)
	at java.base/jdk.internal.reflect.DelegatingConstructorAccessorImpl.newInstance(DelegatingConstructorAccessorImpl.java:45)
	at java.base/java.lang.reflect.Constructor.newInstanceWithCaller(Constructor.java:499)
	at java.base/java.lang.reflect.Constructor.newInstance(Constructor.java:480)
	at com.mysql.cj.exceptions.ExceptionFactory.createException(ExceptionFactory.java:61)
	at com.mysql.cj.exceptions.ExceptionFactory.createException(ExceptionFactory.java:105)
	at com.mysql.cj.exceptions.ExceptionFactory.createException(ExceptionFactory.java:151)
	at com.mysql.cj.exceptions.ExceptionFactory.createCommunicationsException(ExceptionFactory.java:167)
	at com.mysql.cj.protocol.a.NativeSocketConnection.connect(NativeSocketConnection.java:89)
	at com.mysql.cj.NativeSession.connect(NativeSession.java:120)
	at com.mysql.cj.jdbc.ConnectionImpl.connectOneTryOnly(ConnectionImpl.java:948)
	at com.mysql.cj.jdbc.ConnectionImpl.createNewIO(ConnectionImpl.java:818)
	... 115 common frames omitted
Caused by: java.net.UnknownHostException: mysqldb
	at java.base/java.net.InetAddress$CachedAddresses.get(InetAddress.java:801)
	at java.base/java.net.InetAddress.getAllByName0(InetAddress.java:1509)
	at java.base/java.net.InetAddress.getAllByName(InetAddress.java:1367)
	at java.base/java.net.InetAddress.getAllByName(InetAddress.java:1301)
	at com.mysql.cj.protocol.StandardSocketFactory.connect(StandardSocketFactory.java:130)
	at com.mysql.cj.protocol.a.NativeSocketConnection.connect(NativeSocketConnection.java:63)
	... 118 common frames omitted
